<?xml version="1.0" encoding="UTF-8"?>
<TestRun id="6756196e-594e-46f7-b7bb-978a9e449ce2" name="ibai@IBAI-PC 2013-11-17 12:52:46" runUser="ibai-PC\ibai" xmlns="http://microsoft.com/schemas/VisualStudio/TeamTest/2010">
  <TestSettings name="Local" id="a4a3c703-e8d7-4505-bda8-f44b0827b01b">
    <Description>These are default test settings for a local test run.</Description>
    <Deployment enabled="false" runDeploymentRoot="ibai_IBAI-PC 2013-11-17 12_52_46">
      <DeploymentItem filename="D:\Dropbox\ibai\GitHub\SPQueryGenerator\SPQueryGenerator\bin\Debug\SPQueryGenerator.dll" />
    </Deployment>
    <Execution>
      <TestTypeSpecific />
      <AgentRule name="Execution Agents">
      </AgentRule>
    </Execution>
  </TestSettings>
  <Times creation="2013-11-17T12:52:46.4906023+01:00" queuing="2013-11-17T12:52:46.6476113+01:00" start="2013-11-17T12:52:46.6746128+01:00" finish="2013-11-17T12:52:47.3286502+01:00" />
  <ResultSummary outcome="Completed">
    <Counters total="5" executed="5" passed="5" error="0" failed="0" timeout="0" aborted="0" inconclusive="0" passedButRunAborted="0" notRunnable="0" notExecuted="0" disconnected="0" warning="0" completed="0" inProgress="0" pending="0" />
  </ResultSummary>
  <TestDefinitions>
    <UnitTest name="Add_FourParams_ReturnsQuery" storage="d:\dropbox\ibai\github\spquerygenerator\spquerycalculatortests\bin\debug\spquerycalculatortests.dll" id="2906c4f0-0ef6-61f1-739d-5496cbc9fd9c">
      <Execution id="6bfcdf8a-95e3-48e7-9625-12d4b72eb7bf" />
      <TestMethod codeBase="D:/Dropbox/ibai/GitHub/SPQueryGenerator/SPQueryCalculatorTests/bin/Debug/SPQueryCalculatorTests.DLL" adapterTypeName="Microsoft.VisualStudio.TestTools.TestTypes.Unit.UnitTestAdapter, Microsoft.VisualStudio.QualityTools.Tips.UnitTest.Adapter, Version=10.0.0.0, Culture=neutral, PublicKeyToken=b03f5f7f11d50a3a" className="SPQueryCalculatorTests.CalculatorTest, SPQueryCalculatorTests, Version=1.0.0.0, Culture=neutral, PublicKeyToken=null" name="Add_FourParams_ReturnsQuery" />
    </UnitTest>
    <UnitTest name="Add_AnotherParam_ReturnsQuery" storage="d:\dropbox\ibai\github\spquerygenerator\spquerycalculatortests\bin\debug\spquerycalculatortests.dll" id="77fda760-b1f0-dd49-6e01-c52b88fcb371">
      <Execution id="622b576e-a7a3-4040-9673-1c7019ffdcae" />
      <TestMethod codeBase="D:/Dropbox/ibai/GitHub/SPQueryGenerator/SPQueryCalculatorTests/bin/Debug/SPQueryCalculatorTests.DLL" adapterTypeName="Microsoft.VisualStudio.TestTools.TestTypes.Unit.UnitTestAdapter, Microsoft.VisualStudio.QualityTools.Tips.UnitTest.Adapter, Version=10.0.0.0, Culture=neutral, PublicKeyToken=b03f5f7f11d50a3a" className="SPQueryCalculatorTests.CalculatorTest, SPQueryCalculatorTests, Version=1.0.0.0, Culture=neutral, PublicKeyToken=null" name="Add_AnotherParam_ReturnsQuery" />
    </UnitTest>
    <UnitTest name="Add_OneParam_ReturnsQuery" storage="d:\dropbox\ibai\github\spquerygenerator\spquerycalculatortests\bin\debug\spquerycalculatortests.dll" id="ad4fe36f-a9d9-ae87-34ed-d78a9aab8877">
      <Execution id="8a909537-b491-4bb8-8694-f0d5da51a8ee" />
      <TestMethod codeBase="D:/Dropbox/ibai/GitHub/SPQueryGenerator/SPQueryCalculatorTests/bin/Debug/SPQueryCalculatorTests.DLL" adapterTypeName="Microsoft.VisualStudio.TestTools.TestTypes.Unit.UnitTestAdapter, Microsoft.VisualStudio.QualityTools.Tips.UnitTest.Adapter, Version=10.0.0.0, Culture=neutral, PublicKeyToken=b03f5f7f11d50a3a" className="SPQueryCalculatorTests.CalculatorTest, SPQueryCalculatorTests, Version=1.0.0.0, Culture=neutral, PublicKeyToken=null" name="Add_OneParam_ReturnsQuery" />
    </UnitTest>
    <UnitTest name="Add_ThreeParams_ReturnsQuery" storage="d:\dropbox\ibai\github\spquerygenerator\spquerycalculatortests\bin\debug\spquerycalculatortests.dll" id="99f6dda6-53f9-e28b-5e44-353d5d279bd7">
      <Execution id="3a83c3d7-1445-4416-92ed-d25b404d14e0" />
      <TestMethod codeBase="D:/Dropbox/ibai/GitHub/SPQueryGenerator/SPQueryCalculatorTests/bin/Debug/SPQueryCalculatorTests.DLL" adapterTypeName="Microsoft.VisualStudio.TestTools.TestTypes.Unit.UnitTestAdapter, Microsoft.VisualStudio.QualityTools.Tips.UnitTest.Adapter, Version=10.0.0.0, Culture=neutral, PublicKeyToken=b03f5f7f11d50a3a" className="SPQueryCalculatorTests.CalculatorTest, SPQueryCalculatorTests, Version=1.0.0.0, Culture=neutral, PublicKeyToken=null" name="Add_ThreeParams_ReturnsQuery" />
    </UnitTest>
    <UnitTest name="Add_TwoParams_ReturnsQuery" storage="d:\dropbox\ibai\github\spquerygenerator\spquerycalculatortests\bin\debug\spquerycalculatortests.dll" id="479fcd85-4384-7c2e-e569-8873b41a90d8">
      <Execution id="8b6a0d95-a24e-4db1-bdac-1f44fd066dc2" />
      <TestMethod codeBase="D:/Dropbox/ibai/GitHub/SPQueryGenerator/SPQueryCalculatorTests/bin/Debug/SPQueryCalculatorTests.DLL" adapterTypeName="Microsoft.VisualStudio.TestTools.TestTypes.Unit.UnitTestAdapter, Microsoft.VisualStudio.QualityTools.Tips.UnitTest.Adapter, Version=10.0.0.0, Culture=neutral, PublicKeyToken=b03f5f7f11d50a3a" className="SPQueryCalculatorTests.CalculatorTest, SPQueryCalculatorTests, Version=1.0.0.0, Culture=neutral, PublicKeyToken=null" name="Add_TwoParams_ReturnsQuery" />
    </UnitTest>
  </TestDefinitions>
  <TestLists>
    <TestList name="Results Not in a List" id="8c84fa94-04c1-424b-9868-57a2d4851a1d" />
    <TestList name="All Loaded Results" id="19431567-8539-422a-85d7-44ee4e166bda" />
  </TestLists>
  <TestEntries>
    <TestEntry testId="2906c4f0-0ef6-61f1-739d-5496cbc9fd9c" executionId="6bfcdf8a-95e3-48e7-9625-12d4b72eb7bf" testListId="8c84fa94-04c1-424b-9868-57a2d4851a1d" />
    <TestEntry testId="479fcd85-4384-7c2e-e569-8873b41a90d8" executionId="8b6a0d95-a24e-4db1-bdac-1f44fd066dc2" testListId="8c84fa94-04c1-424b-9868-57a2d4851a1d" />
    <TestEntry testId="77fda760-b1f0-dd49-6e01-c52b88fcb371" executionId="622b576e-a7a3-4040-9673-1c7019ffdcae" testListId="8c84fa94-04c1-424b-9868-57a2d4851a1d" />
    <TestEntry testId="99f6dda6-53f9-e28b-5e44-353d5d279bd7" executionId="3a83c3d7-1445-4416-92ed-d25b404d14e0" testListId="8c84fa94-04c1-424b-9868-57a2d4851a1d" />
    <TestEntry testId="ad4fe36f-a9d9-ae87-34ed-d78a9aab8877" executionId="8a909537-b491-4bb8-8694-f0d5da51a8ee" testListId="8c84fa94-04c1-424b-9868-57a2d4851a1d" />
  </TestEntries>
  <Results>
    <UnitTestResult executionId="6bfcdf8a-95e3-48e7-9625-12d4b72eb7bf" testId="2906c4f0-0ef6-61f1-739d-5496cbc9fd9c" testName="Add_FourParams_ReturnsQuery" computerName="IBAI-PC" duration="00:00:00.0176089" startTime="2013-11-17T12:52:46.6886136+01:00" endTime="2013-11-17T12:52:46.9596291+01:00" testType="13cdc9d9-ddb5-4fa4-a97d-d965ccfc6d4b" outcome="Passed" testListId="8c84fa94-04c1-424b-9868-57a2d4851a1d" relativeResultsDirectory="6bfcdf8a-95e3-48e7-9625-12d4b72eb7bf">
    </UnitTestResult>
    <UnitTestResult executionId="8b6a0d95-a24e-4db1-bdac-1f44fd066dc2" testId="479fcd85-4384-7c2e-e569-8873b41a90d8" testName="Add_TwoParams_ReturnsQuery" computerName="IBAI-PC" duration="00:00:00.0040157" startTime="2013-11-17T12:52:46.9646294+01:00" endTime="2013-11-17T12:52:46.9796303+01:00" testType="13cdc9d9-ddb5-4fa4-a97d-d965ccfc6d4b" outcome="Passed" testListId="8c84fa94-04c1-424b-9868-57a2d4851a1d" relativeResultsDirectory="8b6a0d95-a24e-4db1-bdac-1f44fd066dc2">
    </UnitTestResult>
    <UnitTestResult executionId="622b576e-a7a3-4040-9673-1c7019ffdcae" testId="77fda760-b1f0-dd49-6e01-c52b88fcb371" testName="Add_AnotherParam_ReturnsQuery" computerName="IBAI-PC" duration="00:00:00.0040895" startTime="2013-11-17T12:52:46.9816304+01:00" endTime="2013-11-17T12:52:46.9966312+01:00" testType="13cdc9d9-ddb5-4fa4-a97d-d965ccfc6d4b" outcome="Passed" testListId="8c84fa94-04c1-424b-9868-57a2d4851a1d" relativeResultsDirectory="622b576e-a7a3-4040-9673-1c7019ffdcae">
    </UnitTestResult>
    <UnitTestResult executionId="3a83c3d7-1445-4416-92ed-d25b404d14e0" testId="99f6dda6-53f9-e28b-5e44-353d5d279bd7" testName="Add_ThreeParams_ReturnsQuery" computerName="IBAI-PC" duration="00:00:00.0010614" startTime="2013-11-17T12:52:47.0066318+01:00" endTime="2013-11-17T12:52:47.0186325+01:00" testType="13cdc9d9-ddb5-4fa4-a97d-d965ccfc6d4b" outcome="Passed" testListId="8c84fa94-04c1-424b-9868-57a2d4851a1d" relativeResultsDirectory="3a83c3d7-1445-4416-92ed-d25b404d14e0">
    </UnitTestResult>
    <UnitTestResult executionId="8a909537-b491-4bb8-8694-f0d5da51a8ee" testId="ad4fe36f-a9d9-ae87-34ed-d78a9aab8877" testName="Add_OneParam_ReturnsQuery" computerName="IBAI-PC" duration="00:00:00.0002390" startTime="2013-11-17T12:52:47.0226327+01:00" endTime="2013-11-17T12:52:47.0326333+01:00" testType="13cdc9d9-ddb5-4fa4-a97d-d965ccfc6d4b" outcome="Passed" testListId="8c84fa94-04c1-424b-9868-57a2d4851a1d" relativeResultsDirectory="8a909537-b491-4bb8-8694-f0d5da51a8ee">
    </UnitTestResult>
  </Results>
</TestRun>