<?xml version="1.0" encoding="UTF-8"?>
<TestRun id="4805765e-e25c-4a0a-b832-76800130c671" name="ibai@IBAI-PC 2013-11-15 20:41:12" runUser="ibai-PC\ibai" xmlns="http://microsoft.com/schemas/VisualStudio/TeamTest/2010">
  <TestSettings name="Local" id="a4a3c703-e8d7-4505-bda8-f44b0827b01b">
    <Description>These are default test settings for a local test run.</Description>
    <Deployment enabled="false" runDeploymentRoot="ibai_IBAI-PC 2013-11-15 20_41_12">
      <DeploymentItem filename="D:\Dropbox\ibai\GitHub\SPQueryGenerator\SPQueryGenerator\bin\Debug\SPQueryGenerator.dll" />
    </Deployment>
    <Execution>
      <TestTypeSpecific />
      <AgentRule name="Execution Agents">
      </AgentRule>
    </Execution>
  </TestSettings>
  <Times creation="2013-11-15T20:41:12.2657855+01:00" queuing="2013-11-15T20:41:12.4997989+01:00" start="2013-11-15T20:41:12.5187999+01:00" finish="2013-11-15T20:41:12.9918270+01:00" />
  <ResultSummary outcome="Failed">
    <Counters total="3" executed="3" passed="2" error="0" failed="1" timeout="0" aborted="0" inconclusive="0" passedButRunAborted="0" notRunnable="0" notExecuted="0" disconnected="0" warning="0" completed="0" inProgress="0" pending="0" />
  </ResultSummary>
  <TestDefinitions>
    <UnitTest name="Add_OneParam_ReturnsQuery" storage="d:\dropbox\ibai\github\spquerygenerator\spquerycalculatortests\bin\debug\spquerycalculatortests.dll" id="ad4fe36f-a9d9-ae87-34ed-d78a9aab8877">
      <Execution id="0a0e038c-7979-4729-82a7-8ed6c74f0c07" />
      <TestMethod codeBase="D:/Dropbox/ibai/GitHub/SPQueryGenerator/SPQueryCalculatorTests/bin/Debug/SPQueryCalculatorTests.DLL" adapterTypeName="Microsoft.VisualStudio.TestTools.TestTypes.Unit.UnitTestAdapter, Microsoft.VisualStudio.QualityTools.Tips.UnitTest.Adapter, Version=10.0.0.0, Culture=neutral, PublicKeyToken=b03f5f7f11d50a3a" className="SPQueryCalculatorTests.CalculatorTest, SPQueryCalculatorTests, Version=1.0.0.0, Culture=neutral, PublicKeyToken=null" name="Add_OneParam_ReturnsQuery" />
    </UnitTest>
    <UnitTest name="Add_AnotherParam_ReturnsQuery" storage="d:\dropbox\ibai\github\spquerygenerator\spquerycalculatortests\bin\debug\spquerycalculatortests.dll" id="77fda760-b1f0-dd49-6e01-c52b88fcb371">
      <Execution id="ddf18555-e367-46b5-adce-d435854ac233" />
      <TestMethod codeBase="D:/Dropbox/ibai/GitHub/SPQueryGenerator/SPQueryCalculatorTests/bin/Debug/SPQueryCalculatorTests.DLL" adapterTypeName="Microsoft.VisualStudio.TestTools.TestTypes.Unit.UnitTestAdapter, Microsoft.VisualStudio.QualityTools.Tips.UnitTest.Adapter, Version=10.0.0.0, Culture=neutral, PublicKeyToken=b03f5f7f11d50a3a" className="SPQueryCalculatorTests.CalculatorTest, SPQueryCalculatorTests, Version=1.0.0.0, Culture=neutral, PublicKeyToken=null" name="Add_AnotherParam_ReturnsQuery" />
    </UnitTest>
    <UnitTest name="Add_TwoParams_ReturnsQuery" storage="d:\dropbox\ibai\github\spquerygenerator\spquerycalculatortests\bin\debug\spquerycalculatortests.dll" id="479fcd85-4384-7c2e-e569-8873b41a90d8">
      <Execution id="d51a844c-033b-40dc-abfc-71af4e681089" />
      <TestMethod codeBase="D:/Dropbox/ibai/GitHub/SPQueryGenerator/SPQueryCalculatorTests/bin/Debug/SPQueryCalculatorTests.DLL" adapterTypeName="Microsoft.VisualStudio.TestTools.TestTypes.Unit.UnitTestAdapter, Microsoft.VisualStudio.QualityTools.Tips.UnitTest.Adapter, Version=10.0.0.0, Culture=neutral, PublicKeyToken=b03f5f7f11d50a3a" className="SPQueryCalculatorTests.CalculatorTest, SPQueryCalculatorTests, Version=1.0.0.0, Culture=neutral, PublicKeyToken=null" name="Add_TwoParams_ReturnsQuery" />
    </UnitTest>
  </TestDefinitions>
  <TestLists>
    <TestList name="Results Not in a List" id="8c84fa94-04c1-424b-9868-57a2d4851a1d" />
    <TestList name="All Loaded Results" id="19431567-8539-422a-85d7-44ee4e166bda" />
  </TestLists>
  <TestEntries>
    <TestEntry testId="479fcd85-4384-7c2e-e569-8873b41a90d8" executionId="d51a844c-033b-40dc-abfc-71af4e681089" testListId="8c84fa94-04c1-424b-9868-57a2d4851a1d" />
    <TestEntry testId="77fda760-b1f0-dd49-6e01-c52b88fcb371" executionId="ddf18555-e367-46b5-adce-d435854ac233" testListId="8c84fa94-04c1-424b-9868-57a2d4851a1d" />
    <TestEntry testId="ad4fe36f-a9d9-ae87-34ed-d78a9aab8877" executionId="0a0e038c-7979-4729-82a7-8ed6c74f0c07" testListId="8c84fa94-04c1-424b-9868-57a2d4851a1d" />
  </TestEntries>
  <Results>
    <UnitTestResult executionId="d51a844c-033b-40dc-abfc-71af4e681089" testId="479fcd85-4384-7c2e-e569-8873b41a90d8" testName="Add_TwoParams_ReturnsQuery" computerName="IBAI-PC" duration="00:00:00.1137739" startTime="2013-11-15T20:41:12.5368010+01:00" endTime="2013-11-15T20:41:12.9058221+01:00" testType="13cdc9d9-ddb5-4fa4-a97d-d965ccfc6d4b" outcome="Failed" testListId="8c84fa94-04c1-424b-9868-57a2d4851a1d" relativeResultsDirectory="d51a844c-033b-40dc-abfc-71af4e681089">
      <Output>
        <ErrorInfo>
          <Message>Assert.AreEqual failed. Expected:&lt;&lt;Where&gt;&lt;And&gt;&lt;Eq&gt;&lt;FieldRef Name='field1' /&gt;&lt;Value Type='String'&gt;value1&lt;/Value&gt;&lt;/Eq&gt;&lt;Eq&gt;&lt;FieldRef Name='field2' /&gt;&lt;Value Type='Number'&gt;value2&lt;/Value&gt;&lt;/Eq&gt;&lt;/And&gt;&lt;/Where&gt;&gt;. Actual:&lt;&lt;Where&gt;&lt;And&gt;&lt;Eq&gt;&lt;FieldRef Name='field1' /&gt;&lt;Value Type='String'&gt;value1&lt;/Value&gt;&lt;Eq&lt;Eq&gt;&lt;FieldRef Name='field2' /&gt;&lt;Value Type='String'&gt;value2&lt;/Value&gt;&lt;Eq&gt;&lt;/And&gt;&lt;/Where&gt;&gt;. </Message>
          <StackTrace>   en SPQueryCalculatorTests.CalculatorTest.Add_TwoParams_ReturnsQuery() en D:\Dropbox\ibai\GitHub\SPQueryGenerator\SPQueryCalculatorTests\CalculatorTest.cs:línea 67
</StackTrace>
        </ErrorInfo>
      </Output>
    </UnitTestResult>
    <UnitTestResult executionId="ddf18555-e367-46b5-adce-d435854ac233" testId="77fda760-b1f0-dd49-6e01-c52b88fcb371" testName="Add_AnotherParam_ReturnsQuery" computerName="IBAI-PC" duration="00:00:00.0008680" startTime="2013-11-15T20:41:12.9308235+01:00" endTime="2013-11-15T20:41:12.9408241+01:00" testType="13cdc9d9-ddb5-4fa4-a97d-d965ccfc6d4b" outcome="Passed" testListId="8c84fa94-04c1-424b-9868-57a2d4851a1d" relativeResultsDirectory="ddf18555-e367-46b5-adce-d435854ac233">
    </UnitTestResult>
    <UnitTestResult executionId="0a0e038c-7979-4729-82a7-8ed6c74f0c07" testId="ad4fe36f-a9d9-ae87-34ed-d78a9aab8877" testName="Add_OneParam_ReturnsQuery" computerName="IBAI-PC" duration="00:00:00.0002590" startTime="2013-11-15T20:41:12.9518247+01:00" endTime="2013-11-15T20:41:12.9708258+01:00" testType="13cdc9d9-ddb5-4fa4-a97d-d965ccfc6d4b" outcome="Passed" testListId="8c84fa94-04c1-424b-9868-57a2d4851a1d" relativeResultsDirectory="0a0e038c-7979-4729-82a7-8ed6c74f0c07">
    </UnitTestResult>
  </Results>
</TestRun>