<?xml version="1.0" encoding="UTF-8"?>
<TestRun id="152266c3-dd65-4804-a2c4-5e0042d821d0" name="ibai@IBAI-PC 2013-11-17 12:55:24" runUser="ibai-PC\ibai" xmlns="http://microsoft.com/schemas/VisualStudio/TeamTest/2010">
  <TestSettings name="Local" id="a4a3c703-e8d7-4505-bda8-f44b0827b01b">
    <Description>These are default test settings for a local test run.</Description>
    <Deployment enabled="false" runDeploymentRoot="ibai_IBAI-PC 2013-11-17 12_55_24">
      <DeploymentItem filename="D:\Dropbox\ibai\GitHub\SPQueryGenerator\SPQueryGenerator\bin\Debug\SPQueryGenerator.dll" />
    </Deployment>
    <Execution>
      <TestTypeSpecific />
      <AgentRule name="Execution Agents">
      </AgentRule>
    </Execution>
  </TestSettings>
  <Times creation="2013-11-17T12:55:24.5656437+01:00" queuing="2013-11-17T12:55:24.8706611+01:00" start="2013-11-17T12:55:24.8926624+01:00" finish="2013-11-17T12:55:25.3646894+01:00" />
  <ResultSummary outcome="Completed">
    <Counters total="5" executed="5" passed="5" error="0" failed="0" timeout="0" aborted="0" inconclusive="0" passedButRunAborted="0" notRunnable="0" notExecuted="0" disconnected="0" warning="0" completed="0" inProgress="0" pending="0" />
  </ResultSummary>
  <TestDefinitions>
    <UnitTest name="Add_FourParams_ReturnsQuery" storage="d:\dropbox\ibai\github\spquerygenerator\spquerycalculatortests\bin\debug\spquerycalculatortests.dll" id="2906c4f0-0ef6-61f1-739d-5496cbc9fd9c">
      <Execution id="73a0d581-b10b-4584-bd89-14345a6ec5c9" />
      <TestMethod codeBase="D:/Dropbox/ibai/GitHub/SPQueryGenerator/SPQueryCalculatorTests/bin/Debug/SPQueryCalculatorTests.DLL" adapterTypeName="Microsoft.VisualStudio.TestTools.TestTypes.Unit.UnitTestAdapter, Microsoft.VisualStudio.QualityTools.Tips.UnitTest.Adapter, Version=10.0.0.0, Culture=neutral, PublicKeyToken=b03f5f7f11d50a3a" className="SPQueryCalculatorTests.CalculatorTest, SPQueryCalculatorTests, Version=1.0.0.0, Culture=neutral, PublicKeyToken=null" name="Add_FourParams_ReturnsQuery" />
    </UnitTest>
    <UnitTest name="Add_AnotherParam_ReturnsQuery" storage="d:\dropbox\ibai\github\spquerygenerator\spquerycalculatortests\bin\debug\spquerycalculatortests.dll" id="77fda760-b1f0-dd49-6e01-c52b88fcb371">
      <Execution id="7c2cfb1f-90ce-4b32-8808-e800f520ed46" />
      <TestMethod codeBase="D:/Dropbox/ibai/GitHub/SPQueryGenerator/SPQueryCalculatorTests/bin/Debug/SPQueryCalculatorTests.DLL" adapterTypeName="Microsoft.VisualStudio.TestTools.TestTypes.Unit.UnitTestAdapter, Microsoft.VisualStudio.QualityTools.Tips.UnitTest.Adapter, Version=10.0.0.0, Culture=neutral, PublicKeyToken=b03f5f7f11d50a3a" className="SPQueryCalculatorTests.CalculatorTest, SPQueryCalculatorTests, Version=1.0.0.0, Culture=neutral, PublicKeyToken=null" name="Add_AnotherParam_ReturnsQuery" />
    </UnitTest>
    <UnitTest name="Add_OneParam_ReturnsQuery" storage="d:\dropbox\ibai\github\spquerygenerator\spquerycalculatortests\bin\debug\spquerycalculatortests.dll" id="ad4fe36f-a9d9-ae87-34ed-d78a9aab8877">
      <Execution id="fb0cbc7e-57c1-4a64-9a7c-9832945859f6" />
      <TestMethod codeBase="D:/Dropbox/ibai/GitHub/SPQueryGenerator/SPQueryCalculatorTests/bin/Debug/SPQueryCalculatorTests.DLL" adapterTypeName="Microsoft.VisualStudio.TestTools.TestTypes.Unit.UnitTestAdapter, Microsoft.VisualStudio.QualityTools.Tips.UnitTest.Adapter, Version=10.0.0.0, Culture=neutral, PublicKeyToken=b03f5f7f11d50a3a" className="SPQueryCalculatorTests.CalculatorTest, SPQueryCalculatorTests, Version=1.0.0.0, Culture=neutral, PublicKeyToken=null" name="Add_OneParam_ReturnsQuery" />
    </UnitTest>
    <UnitTest name="Add_ThreeParams_ReturnsQuery" storage="d:\dropbox\ibai\github\spquerygenerator\spquerycalculatortests\bin\debug\spquerycalculatortests.dll" id="99f6dda6-53f9-e28b-5e44-353d5d279bd7">
      <Execution id="567b26f3-9be1-49ea-8d28-073b9ebda59d" />
      <TestMethod codeBase="D:/Dropbox/ibai/GitHub/SPQueryGenerator/SPQueryCalculatorTests/bin/Debug/SPQueryCalculatorTests.DLL" adapterTypeName="Microsoft.VisualStudio.TestTools.TestTypes.Unit.UnitTestAdapter, Microsoft.VisualStudio.QualityTools.Tips.UnitTest.Adapter, Version=10.0.0.0, Culture=neutral, PublicKeyToken=b03f5f7f11d50a3a" className="SPQueryCalculatorTests.CalculatorTest, SPQueryCalculatorTests, Version=1.0.0.0, Culture=neutral, PublicKeyToken=null" name="Add_ThreeParams_ReturnsQuery" />
    </UnitTest>
    <UnitTest name="Add_TwoParams_ReturnsQuery" storage="d:\dropbox\ibai\github\spquerygenerator\spquerycalculatortests\bin\debug\spquerycalculatortests.dll" id="479fcd85-4384-7c2e-e569-8873b41a90d8">
      <Execution id="bc5ae68a-ee11-44c4-9afb-c8c4ef4a78c5" />
      <TestMethod codeBase="D:/Dropbox/ibai/GitHub/SPQueryGenerator/SPQueryCalculatorTests/bin/Debug/SPQueryCalculatorTests.DLL" adapterTypeName="Microsoft.VisualStudio.TestTools.TestTypes.Unit.UnitTestAdapter, Microsoft.VisualStudio.QualityTools.Tips.UnitTest.Adapter, Version=10.0.0.0, Culture=neutral, PublicKeyToken=b03f5f7f11d50a3a" className="SPQueryCalculatorTests.CalculatorTest, SPQueryCalculatorTests, Version=1.0.0.0, Culture=neutral, PublicKeyToken=null" name="Add_TwoParams_ReturnsQuery" />
    </UnitTest>
  </TestDefinitions>
  <TestLists>
    <TestList name="Results Not in a List" id="8c84fa94-04c1-424b-9868-57a2d4851a1d" />
    <TestList name="All Loaded Results" id="19431567-8539-422a-85d7-44ee4e166bda" />
  </TestLists>
  <TestEntries>
    <TestEntry testId="2906c4f0-0ef6-61f1-739d-5496cbc9fd9c" executionId="73a0d581-b10b-4584-bd89-14345a6ec5c9" testListId="8c84fa94-04c1-424b-9868-57a2d4851a1d" />
    <TestEntry testId="479fcd85-4384-7c2e-e569-8873b41a90d8" executionId="bc5ae68a-ee11-44c4-9afb-c8c4ef4a78c5" testListId="8c84fa94-04c1-424b-9868-57a2d4851a1d" />
    <TestEntry testId="77fda760-b1f0-dd49-6e01-c52b88fcb371" executionId="7c2cfb1f-90ce-4b32-8808-e800f520ed46" testListId="8c84fa94-04c1-424b-9868-57a2d4851a1d" />
    <TestEntry testId="99f6dda6-53f9-e28b-5e44-353d5d279bd7" executionId="567b26f3-9be1-49ea-8d28-073b9ebda59d" testListId="8c84fa94-04c1-424b-9868-57a2d4851a1d" />
    <TestEntry testId="ad4fe36f-a9d9-ae87-34ed-d78a9aab8877" executionId="fb0cbc7e-57c1-4a64-9a7c-9832945859f6" testListId="8c84fa94-04c1-424b-9868-57a2d4851a1d" />
  </TestEntries>
  <Results>
    <UnitTestResult executionId="73a0d581-b10b-4584-bd89-14345a6ec5c9" testId="2906c4f0-0ef6-61f1-739d-5496cbc9fd9c" testName="Add_FourParams_ReturnsQuery" computerName="IBAI-PC" duration="00:00:00.0636500" startTime="2013-11-17T12:55:24.9236641+01:00" endTime="2013-11-17T12:55:25.2376821+01:00" testType="13cdc9d9-ddb5-4fa4-a97d-d965ccfc6d4b" outcome="Passed" testListId="8c84fa94-04c1-424b-9868-57a2d4851a1d" relativeResultsDirectory="73a0d581-b10b-4584-bd89-14345a6ec5c9">
    </UnitTestResult>
    <UnitTestResult executionId="bc5ae68a-ee11-44c4-9afb-c8c4ef4a78c5" testId="479fcd85-4384-7c2e-e569-8873b41a90d8" testName="Add_TwoParams_ReturnsQuery" computerName="IBAI-PC" duration="00:00:00.0007879" startTime="2013-11-17T12:55:25.2496828+01:00" endTime="2013-11-17T12:55:25.2536830+01:00" testType="13cdc9d9-ddb5-4fa4-a97d-d965ccfc6d4b" outcome="Passed" testListId="8c84fa94-04c1-424b-9868-57a2d4851a1d" relativeResultsDirectory="bc5ae68a-ee11-44c4-9afb-c8c4ef4a78c5">
    </UnitTestResult>
    <UnitTestResult executionId="7c2cfb1f-90ce-4b32-8808-e800f520ed46" testId="77fda760-b1f0-dd49-6e01-c52b88fcb371" testName="Add_AnotherParam_ReturnsQuery" computerName="IBAI-PC" duration="00:00:00.0040904" startTime="2013-11-17T12:55:25.2636836+01:00" endTime="2013-11-17T12:55:25.2736842+01:00" testType="13cdc9d9-ddb5-4fa4-a97d-d965ccfc6d4b" outcome="Passed" testListId="8c84fa94-04c1-424b-9868-57a2d4851a1d" relativeResultsDirectory="7c2cfb1f-90ce-4b32-8808-e800f520ed46">
    </UnitTestResult>
    <UnitTestResult executionId="567b26f3-9be1-49ea-8d28-073b9ebda59d" testId="99f6dda6-53f9-e28b-5e44-353d5d279bd7" testName="Add_ThreeParams_ReturnsQuery" computerName="IBAI-PC" duration="00:00:00.0008780" startTime="2013-11-17T12:55:25.2806846+01:00" endTime="2013-11-17T12:55:25.2846848+01:00" testType="13cdc9d9-ddb5-4fa4-a97d-d965ccfc6d4b" outcome="Passed" testListId="8c84fa94-04c1-424b-9868-57a2d4851a1d" relativeResultsDirectory="567b26f3-9be1-49ea-8d28-073b9ebda59d">
    </UnitTestResult>
    <UnitTestResult executionId="fb0cbc7e-57c1-4a64-9a7c-9832945859f6" testId="ad4fe36f-a9d9-ae87-34ed-d78a9aab8877" testName="Add_OneParam_ReturnsQuery" computerName="IBAI-PC" duration="00:00:00.0002458" startTime="2013-11-17T12:55:25.2896851+01:00" endTime="2013-11-17T12:55:25.2946854+01:00" testType="13cdc9d9-ddb5-4fa4-a97d-d965ccfc6d4b" outcome="Passed" testListId="8c84fa94-04c1-424b-9868-57a2d4851a1d" relativeResultsDirectory="fb0cbc7e-57c1-4a64-9a7c-9832945859f6">
    </UnitTestResult>
  </Results>
</TestRun>