<?xml version="1.0" encoding="UTF-8"?>
<TestRun id="8e2f99e2-d2fd-49ba-a73d-8585e01fa805" name="ibai@IBAI-PC 2013-11-17 12:47:13" runUser="ibai-PC\ibai" xmlns="http://microsoft.com/schemas/VisualStudio/TeamTest/2010">
  <TestSettings name="Local" id="a4a3c703-e8d7-4505-bda8-f44b0827b01b">
    <Description>These are default test settings for a local test run.</Description>
    <Deployment enabled="false" runDeploymentRoot="ibai_IBAI-PC 2013-11-17 12_47_13">
      <DeploymentItem filename="D:\Dropbox\ibai\GitHub\SPQueryGenerator\SPQueryGenerator\bin\Debug\SPQueryGenerator.dll" />
    </Deployment>
    <Execution>
      <TestTypeSpecific />
      <AgentRule name="Execution Agents">
      </AgentRule>
    </Execution>
  </TestSettings>
  <Times creation="2013-11-17T12:47:13.1165344+01:00" queuing="2013-11-17T12:47:14.6486220+01:00" start="2013-11-17T12:47:14.8426331+01:00" finish="2013-11-17T12:48:35.7502608+01:00" />
  <ResultSummary outcome="Error">
    <Counters total="3" executed="1" error="0" failed="0" timeout="0" aborted="1" inconclusive="0" passedButRunAborted="0" notRunnable="0" notExecuted="2" disconnected="0" warning="0" passed="0" completed="0" inProgress="0" pending="0" />
    <RunInfos>
      <RunInfo computerName="IBAI-PC" outcome="Error" timestamp="2013-11-17T12:48:35.7372600+01:00">
        <Text>Test host process exited unexpectedly.</Text>
      </RunInfo>
    </RunInfos>
  </ResultSummary>
  <TestDefinitions>
    <UnitTest name="Add_OneParam_ReturnsQuery" storage="d:\dropbox\ibai\github\spquerygenerator\spquerycalculatortests\bin\debug\spquerycalculatortests.dll" id="ad4fe36f-a9d9-ae87-34ed-d78a9aab8877">
      <Execution id="082065ea-4c7a-4508-a884-a3cb4c31c1b8" />
      <TestMethod codeBase="D:/Dropbox/ibai/GitHub/SPQueryGenerator/SPQueryCalculatorTests/bin/Debug/SPQueryCalculatorTests.DLL" adapterTypeName="Microsoft.VisualStudio.TestTools.TestTypes.Unit.UnitTestAdapter, Microsoft.VisualStudio.QualityTools.Tips.UnitTest.Adapter, Version=10.0.0.0, Culture=neutral, PublicKeyToken=b03f5f7f11d50a3a" className="SPQueryCalculatorTests.CalculatorTest, SPQueryCalculatorTests, Version=1.0.0.0, Culture=neutral, PublicKeyToken=null" name="Add_OneParam_ReturnsQuery" />
    </UnitTest>
    <UnitTest name="Add_AnotherParam_ReturnsQuery" storage="d:\dropbox\ibai\github\spquerygenerator\spquerycalculatortests\bin\debug\spquerycalculatortests.dll" id="77fda760-b1f0-dd49-6e01-c52b88fcb371">
      <Execution id="88c00ad0-625d-4d56-b48e-79d13aaf37a6" />
      <TestMethod codeBase="D:/Dropbox/ibai/GitHub/SPQueryGenerator/SPQueryCalculatorTests/bin/Debug/SPQueryCalculatorTests.DLL" adapterTypeName="Microsoft.VisualStudio.TestTools.TestTypes.Unit.UnitTestAdapter, Microsoft.VisualStudio.QualityTools.Tips.UnitTest.Adapter, Version=10.0.0.0, Culture=neutral, PublicKeyToken=b03f5f7f11d50a3a" className="SPQueryCalculatorTests.CalculatorTest, SPQueryCalculatorTests, Version=1.0.0.0, Culture=neutral, PublicKeyToken=null" name="Add_AnotherParam_ReturnsQuery" />
    </UnitTest>
    <UnitTest name="Add_TwoParams_ReturnsQuery" storage="d:\dropbox\ibai\github\spquerygenerator\spquerycalculatortests\bin\debug\spquerycalculatortests.dll" id="479fcd85-4384-7c2e-e569-8873b41a90d8">
      <Execution id="993d9404-3303-46bc-a64c-f63b3070c8ed" />
      <TestMethod codeBase="D:/Dropbox/ibai/GitHub/SPQueryGenerator/SPQueryCalculatorTests/bin/Debug/SPQueryCalculatorTests.DLL" adapterTypeName="Microsoft.VisualStudio.TestTools.TestTypes.Unit.UnitTestAdapter, Microsoft.VisualStudio.QualityTools.Tips.UnitTest.Adapter, Version=10.0.0.0, Culture=neutral, PublicKeyToken=b03f5f7f11d50a3a" className="SPQueryCalculatorTests.CalculatorTest, SPQueryCalculatorTests, Version=1.0.0.0, Culture=neutral, PublicKeyToken=null" name="Add_TwoParams_ReturnsQuery" />
    </UnitTest>
  </TestDefinitions>
  <TestLists>
    <TestList name="Results Not in a List" id="8c84fa94-04c1-424b-9868-57a2d4851a1d" />
    <TestList name="All Loaded Results" id="19431567-8539-422a-85d7-44ee4e166bda" />
  </TestLists>
  <TestEntries>
    <TestEntry testId="479fcd85-4384-7c2e-e569-8873b41a90d8" executionId="993d9404-3303-46bc-a64c-f63b3070c8ed" testListId="8c84fa94-04c1-424b-9868-57a2d4851a1d" />
    <TestEntry testId="77fda760-b1f0-dd49-6e01-c52b88fcb371" executionId="88c00ad0-625d-4d56-b48e-79d13aaf37a6" testListId="8c84fa94-04c1-424b-9868-57a2d4851a1d" />
    <TestEntry testId="ad4fe36f-a9d9-ae87-34ed-d78a9aab8877" executionId="082065ea-4c7a-4508-a884-a3cb4c31c1b8" testListId="8c84fa94-04c1-424b-9868-57a2d4851a1d" />
  </TestEntries>
  <Results>
    <UnitTestResult executionId="993d9404-3303-46bc-a64c-f63b3070c8ed" testId="479fcd85-4384-7c2e-e569-8873b41a90d8" testName="Add_TwoParams_ReturnsQuery" computerName="IBAI-PC" duration="00:01:20.7226171" startTime="2013-11-17T12:47:15.0196432+01:00" endTime="2013-11-17T12:48:35.7422603+01:00" testType="13cdc9d9-ddb5-4fa4-a97d-d965ccfc6d4b" outcome="Aborted" testListId="8c84fa94-04c1-424b-9868-57a2d4851a1d" relativeResultsDirectory="993d9404-3303-46bc-a64c-f63b3070c8ed">
    </UnitTestResult>
    <UnitTestResult executionId="88c00ad0-625d-4d56-b48e-79d13aaf37a6" testId="77fda760-b1f0-dd49-6e01-c52b88fcb371" testName="Add_AnotherParam_ReturnsQuery" computerName="IBAI-PC" testType="13cdc9d9-ddb5-4fa4-a97d-d965ccfc6d4b" outcome="NotExecuted" testListId="8c84fa94-04c1-424b-9868-57a2d4851a1d" relativeResultsDirectory="88c00ad0-625d-4d56-b48e-79d13aaf37a6">
    </UnitTestResult>
    <UnitTestResult executionId="082065ea-4c7a-4508-a884-a3cb4c31c1b8" testId="ad4fe36f-a9d9-ae87-34ed-d78a9aab8877" testName="Add_OneParam_ReturnsQuery" computerName="IBAI-PC" testType="13cdc9d9-ddb5-4fa4-a97d-d965ccfc6d4b" outcome="NotExecuted" testListId="8c84fa94-04c1-424b-9868-57a2d4851a1d" relativeResultsDirectory="082065ea-4c7a-4508-a884-a3cb4c31c1b8">
    </UnitTestResult>
  </Results>
</TestRun>