<?xml version="1.0" encoding="UTF-8"?>
<TestRun id="5a0e2e3b-45c3-4e4c-ac21-1004f112add4" name="Udane@UDANE-PC 2013-11-17 19:51:40" runUser="Udane-PC\Udane" xmlns="http://microsoft.com/schemas/VisualStudio/TeamTest/2010">
  <TestSettings name="Local" id="a4a3c703-e8d7-4505-bda8-f44b0827b01b">
    <Description>These are default test settings for a local test run.</Description>
    <Deployment enabled="false" runDeploymentRoot="Udane_UDANE-PC 2013-11-17 19_51_40">
      <DeploymentItem filename="D:\UDANE\Dropbox\SPQueryGenerator\SPQueryGenerator\bin\Debug\SPQueryGenerator.dll" />
    </Deployment>
    <Execution>
      <TestTypeSpecific />
      <AgentRule name="Execution Agents">
      </AgentRule>
    </Execution>
  </TestSettings>
  <Times creation="2013-11-17T19:51:40.4964000+01:00" queuing="2013-11-17T19:51:40.5104000+01:00" start="2013-11-17T19:51:40.5314000+01:00" finish="2013-11-17T19:51:40.9074000+01:00" />
  <ResultSummary outcome="Completed">
    <Counters total="6" executed="6" passed="6" error="0" failed="0" timeout="0" aborted="0" inconclusive="0" passedButRunAborted="0" notRunnable="0" notExecuted="0" disconnected="0" warning="0" completed="0" inProgress="0" pending="0" />
  </ResultSummary>
  <TestDefinitions>
    <UnitTest name="Add_ThreeStringParams_ReturnsQuery" storage="d:\udane\dropbox\spquerygenerator\spquerycalculatortests\bin\debug\spquerycalculatortests.dll" id="a7a73d93-f7e5-3c17-914c-b303eaf4047e">
      <Execution id="a54ef41d-5b37-46a9-a504-5582b9e99e35" />
      <TestMethod codeBase="D:/UDANE/Dropbox/SPQueryGenerator/SPQueryCalculatorTests/bin/Debug/SPQueryCalculatorTests.DLL" adapterTypeName="Microsoft.VisualStudio.TestTools.TestTypes.Unit.UnitTestAdapter, Microsoft.VisualStudio.QualityTools.Tips.UnitTest.Adapter, Version=10.0.0.0, Culture=neutral, PublicKeyToken=b03f5f7f11d50a3a" className="SPQueryCalculatorTests.CalculatorTest, SPQueryCalculatorTests, Version=1.0.0.0, Culture=neutral, PublicKeyToken=null" name="Add_ThreeStringParams_ReturnsQuery" />
    </UnitTest>
    <UnitTest name="Add_AnotherStringParam_ReturnsQuery" storage="d:\udane\dropbox\spquerygenerator\spquerycalculatortests\bin\debug\spquerycalculatortests.dll" id="80a629ee-b8c0-22d7-ee85-3e122ab7c5de">
      <Execution id="9f725903-8457-4390-a5e4-0d7f60c50232" />
      <TestMethod codeBase="D:/UDANE/Dropbox/SPQueryGenerator/SPQueryCalculatorTests/bin/Debug/SPQueryCalculatorTests.DLL" adapterTypeName="Microsoft.VisualStudio.TestTools.TestTypes.Unit.UnitTestAdapter, Microsoft.VisualStudio.QualityTools.Tips.UnitTest.Adapter, Version=10.0.0.0, Culture=neutral, PublicKeyToken=b03f5f7f11d50a3a" className="SPQueryCalculatorTests.CalculatorTest, SPQueryCalculatorTests, Version=1.0.0.0, Culture=neutral, PublicKeyToken=null" name="Add_AnotherStringParam_ReturnsQuery" />
    </UnitTest>
    <UnitTest name="Add_OneTypedParam_ReturnsTypedQuery" storage="d:\udane\dropbox\spquerygenerator\spquerycalculatortests\bin\debug\spquerycalculatortests.dll" id="3169b176-4d05-9fad-ab6b-0b09f67f8a3e">
      <Execution id="77076d38-29c8-4986-9306-e490dbfe7314" />
      <TestMethod codeBase="D:/UDANE/Dropbox/SPQueryGenerator/SPQueryCalculatorTests/bin/Debug/SPQueryCalculatorTests.DLL" adapterTypeName="Microsoft.VisualStudio.TestTools.TestTypes.Unit.UnitTestAdapter, Microsoft.VisualStudio.QualityTools.Tips.UnitTest.Adapter, Version=10.0.0.0, Culture=neutral, PublicKeyToken=b03f5f7f11d50a3a" className="SPQueryCalculatorTests.CalculatorTest, SPQueryCalculatorTests, Version=1.0.0.0, Culture=neutral, PublicKeyToken=null" name="Add_OneTypedParam_ReturnsTypedQuery" />
    </UnitTest>
    <UnitTest name="Add_FourStringParams_ReturnsQuery" storage="d:\udane\dropbox\spquerygenerator\spquerycalculatortests\bin\debug\spquerycalculatortests.dll" id="9db06ff5-fc8f-672e-049c-a23cd2790d1a">
      <Execution id="86b7ddac-48d0-48ee-a329-f030b3e4bca9" />
      <TestMethod codeBase="D:/UDANE/Dropbox/SPQueryGenerator/SPQueryCalculatorTests/bin/Debug/SPQueryCalculatorTests.DLL" adapterTypeName="Microsoft.VisualStudio.TestTools.TestTypes.Unit.UnitTestAdapter, Microsoft.VisualStudio.QualityTools.Tips.UnitTest.Adapter, Version=10.0.0.0, Culture=neutral, PublicKeyToken=b03f5f7f11d50a3a" className="SPQueryCalculatorTests.CalculatorTest, SPQueryCalculatorTests, Version=1.0.0.0, Culture=neutral, PublicKeyToken=null" name="Add_FourStringParams_ReturnsQuery" />
    </UnitTest>
    <UnitTest name="Add_OneStringParam_ReturnsQuery" storage="d:\udane\dropbox\spquerygenerator\spquerycalculatortests\bin\debug\spquerycalculatortests.dll" id="768b1f98-b1d5-bd63-327a-3708b767af69">
      <Execution id="164bf3d8-24e8-4a32-bbd3-ab47fc9de4a4" />
      <TestMethod codeBase="D:/UDANE/Dropbox/SPQueryGenerator/SPQueryCalculatorTests/bin/Debug/SPQueryCalculatorTests.DLL" adapterTypeName="Microsoft.VisualStudio.TestTools.TestTypes.Unit.UnitTestAdapter, Microsoft.VisualStudio.QualityTools.Tips.UnitTest.Adapter, Version=10.0.0.0, Culture=neutral, PublicKeyToken=b03f5f7f11d50a3a" className="SPQueryCalculatorTests.CalculatorTest, SPQueryCalculatorTests, Version=1.0.0.0, Culture=neutral, PublicKeyToken=null" name="Add_OneStringParam_ReturnsQuery" />
    </UnitTest>
    <UnitTest name="Add_TwoStringParams_ReturnsQuery" storage="d:\udane\dropbox\spquerygenerator\spquerycalculatortests\bin\debug\spquerycalculatortests.dll" id="0f5253f4-2d95-9022-5a24-efe796589e59">
      <Execution id="05702491-e876-4723-8251-4774acf4b9ee" />
      <TestMethod codeBase="D:/UDANE/Dropbox/SPQueryGenerator/SPQueryCalculatorTests/bin/Debug/SPQueryCalculatorTests.DLL" adapterTypeName="Microsoft.VisualStudio.TestTools.TestTypes.Unit.UnitTestAdapter, Microsoft.VisualStudio.QualityTools.Tips.UnitTest.Adapter, Version=10.0.0.0, Culture=neutral, PublicKeyToken=b03f5f7f11d50a3a" className="SPQueryCalculatorTests.CalculatorTest, SPQueryCalculatorTests, Version=1.0.0.0, Culture=neutral, PublicKeyToken=null" name="Add_TwoStringParams_ReturnsQuery" />
    </UnitTest>
  </TestDefinitions>
  <TestLists>
    <TestList name="Results Not in a List" id="8c84fa94-04c1-424b-9868-57a2d4851a1d" />
    <TestList name="All Loaded Results" id="19431567-8539-422a-85d7-44ee4e166bda" />
  </TestLists>
  <TestEntries>
    <TestEntry testId="0f5253f4-2d95-9022-5a24-efe796589e59" executionId="05702491-e876-4723-8251-4774acf4b9ee" testListId="8c84fa94-04c1-424b-9868-57a2d4851a1d" />
    <TestEntry testId="3169b176-4d05-9fad-ab6b-0b09f67f8a3e" executionId="77076d38-29c8-4986-9306-e490dbfe7314" testListId="8c84fa94-04c1-424b-9868-57a2d4851a1d" />
    <TestEntry testId="768b1f98-b1d5-bd63-327a-3708b767af69" executionId="164bf3d8-24e8-4a32-bbd3-ab47fc9de4a4" testListId="8c84fa94-04c1-424b-9868-57a2d4851a1d" />
    <TestEntry testId="80a629ee-b8c0-22d7-ee85-3e122ab7c5de" executionId="9f725903-8457-4390-a5e4-0d7f60c50232" testListId="8c84fa94-04c1-424b-9868-57a2d4851a1d" />
    <TestEntry testId="9db06ff5-fc8f-672e-049c-a23cd2790d1a" executionId="86b7ddac-48d0-48ee-a329-f030b3e4bca9" testListId="8c84fa94-04c1-424b-9868-57a2d4851a1d" />
    <TestEntry testId="a7a73d93-f7e5-3c17-914c-b303eaf4047e" executionId="a54ef41d-5b37-46a9-a504-5582b9e99e35" testListId="8c84fa94-04c1-424b-9868-57a2d4851a1d" />
  </TestEntries>
  <Results>
    <UnitTestResult executionId="05702491-e876-4723-8251-4774acf4b9ee" testId="0f5253f4-2d95-9022-5a24-efe796589e59" testName="Add_TwoStringParams_ReturnsQuery" computerName="UDANE-PC" duration="00:00:00.0147821" startTime="2013-11-17T19:51:40.5564000+01:00" endTime="2013-11-17T19:51:40.8434000+01:00" testType="13cdc9d9-ddb5-4fa4-a97d-d965ccfc6d4b" outcome="Passed" testListId="8c84fa94-04c1-424b-9868-57a2d4851a1d" relativeResultsDirectory="05702491-e876-4723-8251-4774acf4b9ee">
    </UnitTestResult>
    <UnitTestResult executionId="77076d38-29c8-4986-9306-e490dbfe7314" testId="3169b176-4d05-9fad-ab6b-0b09f67f8a3e" testName="Add_OneTypedParam_ReturnsTypedQuery" computerName="UDANE-PC" duration="00:00:00.0002403" startTime="2013-11-17T19:51:40.8464000+01:00" endTime="2013-11-17T19:51:40.8524000+01:00" testType="13cdc9d9-ddb5-4fa4-a97d-d965ccfc6d4b" outcome="Passed" testListId="8c84fa94-04c1-424b-9868-57a2d4851a1d" relativeResultsDirectory="77076d38-29c8-4986-9306-e490dbfe7314">
    </UnitTestResult>
    <UnitTestResult executionId="164bf3d8-24e8-4a32-bbd3-ab47fc9de4a4" testId="768b1f98-b1d5-bd63-327a-3708b767af69" testName="Add_OneStringParam_ReturnsQuery" computerName="UDANE-PC" duration="00:00:00.0002373" startTime="2013-11-17T19:51:40.8554000+01:00" endTime="2013-11-17T19:51:40.8614000+01:00" testType="13cdc9d9-ddb5-4fa4-a97d-d965ccfc6d4b" outcome="Passed" testListId="8c84fa94-04c1-424b-9868-57a2d4851a1d" relativeResultsDirectory="164bf3d8-24e8-4a32-bbd3-ab47fc9de4a4">
    </UnitTestResult>
    <UnitTestResult executionId="9f725903-8457-4390-a5e4-0d7f60c50232" testId="80a629ee-b8c0-22d7-ee85-3e122ab7c5de" testName="Add_AnotherStringParam_ReturnsQuery" computerName="UDANE-PC" duration="00:00:00.0002257" startTime="2013-11-17T19:51:40.8624000+01:00" endTime="2013-11-17T19:51:40.8694000+01:00" testType="13cdc9d9-ddb5-4fa4-a97d-d965ccfc6d4b" outcome="Passed" testListId="8c84fa94-04c1-424b-9868-57a2d4851a1d" relativeResultsDirectory="9f725903-8457-4390-a5e4-0d7f60c50232">
    </UnitTestResult>
    <UnitTestResult executionId="86b7ddac-48d0-48ee-a329-f030b3e4bca9" testId="9db06ff5-fc8f-672e-049c-a23cd2790d1a" testName="Add_FourStringParams_ReturnsQuery" computerName="UDANE-PC" duration="00:00:00.0002868" startTime="2013-11-17T19:51:40.8744000+01:00" endTime="2013-11-17T19:51:40.8804000+01:00" testType="13cdc9d9-ddb5-4fa4-a97d-d965ccfc6d4b" outcome="Passed" testListId="8c84fa94-04c1-424b-9868-57a2d4851a1d" relativeResultsDirectory="86b7ddac-48d0-48ee-a329-f030b3e4bca9">
    </UnitTestResult>
    <UnitTestResult executionId="a54ef41d-5b37-46a9-a504-5582b9e99e35" testId="a7a73d93-f7e5-3c17-914c-b303eaf4047e" testName="Add_ThreeStringParams_ReturnsQuery" computerName="UDANE-PC" duration="00:00:00.0002611" startTime="2013-11-17T19:51:40.8834000+01:00" endTime="2013-11-17T19:51:40.8884000+01:00" testType="13cdc9d9-ddb5-4fa4-a97d-d965ccfc6d4b" outcome="Passed" testListId="8c84fa94-04c1-424b-9868-57a2d4851a1d" relativeResultsDirectory="a54ef41d-5b37-46a9-a504-5582b9e99e35">
    </UnitTestResult>
  </Results>
</TestRun>