<?xml version="1.0" encoding="UTF-8"?>
<TestRun id="49477910-0ddb-4ed2-bca0-9fd346170622" name="Udane@UDANE-PC 2013-11-17 20:47:20" runUser="Udane-PC\Udane" xmlns="http://microsoft.com/schemas/VisualStudio/TeamTest/2010">
  <TestSettings name="Local" id="a4a3c703-e8d7-4505-bda8-f44b0827b01b">
    <Description>These are default test settings for a local test run.</Description>
    <Deployment enabled="false" runDeploymentRoot="Udane_UDANE-PC 2013-11-17 20_47_20">
      <DeploymentItem filename="D:\UDANE\Dropbox\SPQueryGenerator\SPQueryGenerator\bin\Debug\SPQueryGenerator.dll" />
    </Deployment>
    <Execution>
      <TestTypeSpecific />
      <AgentRule name="Execution Agents">
      </AgentRule>
    </Execution>
  </TestSettings>
  <Times creation="2013-11-17T20:47:20.5094000+01:00" queuing="2013-11-17T20:47:20.5964000+01:00" start="2013-11-17T20:47:20.6124000+01:00" finish="2013-11-17T20:47:21.0774000+01:00" />
  <ResultSummary outcome="Completed">
    <Counters total="7" executed="7" passed="7" error="0" failed="0" timeout="0" aborted="0" inconclusive="0" passedButRunAborted="0" notRunnable="0" notExecuted="0" disconnected="0" warning="0" completed="0" inProgress="0" pending="0" />
  </ResultSummary>
  <TestDefinitions>
    <UnitTest name="Add_OneNumberParam_ReturnsTypedQuery" storage="d:\udane\dropbox\spquerygenerator\spquerycalculatortests\bin\debug\spquerycalculatortests.dll" id="35bcce11-7d90-74e5-6c13-8ab28c4a3c39">
      <Execution id="5dcf77e8-ef1b-4156-8bb9-e34a01c55f8d" />
      <TestMethod codeBase="D:/UDANE/Dropbox/SPQueryGenerator/SPQueryCalculatorTests/bin/Debug/SPQueryCalculatorTests.DLL" adapterTypeName="Microsoft.VisualStudio.TestTools.TestTypes.Unit.UnitTestAdapter, Microsoft.VisualStudio.QualityTools.Tips.UnitTest.Adapter, Version=10.0.0.0, Culture=neutral, PublicKeyToken=b03f5f7f11d50a3a" className="SPQueryCalculatorTests.CalculatorTest, SPQueryCalculatorTests, Version=1.0.0.0, Culture=neutral, PublicKeyToken=null" name="Add_OneNumberParam_ReturnsTypedQuery" />
    </UnitTest>
    <UnitTest name="Add_TwoNumberParam_ReturnsTypedQuery" storage="d:\udane\dropbox\spquerygenerator\spquerycalculatortests\bin\debug\spquerycalculatortests.dll" id="c031f7ae-394d-9bd6-6923-933084bd5665">
      <Execution id="d2b391ff-9412-45cc-9f1c-e12d5e270f8d" />
      <TestMethod codeBase="D:/UDANE/Dropbox/SPQueryGenerator/SPQueryCalculatorTests/bin/Debug/SPQueryCalculatorTests.DLL" adapterTypeName="Microsoft.VisualStudio.TestTools.TestTypes.Unit.UnitTestAdapter, Microsoft.VisualStudio.QualityTools.Tips.UnitTest.Adapter, Version=10.0.0.0, Culture=neutral, PublicKeyToken=b03f5f7f11d50a3a" className="SPQueryCalculatorTests.CalculatorTest, SPQueryCalculatorTests, Version=1.0.0.0, Culture=neutral, PublicKeyToken=null" name="Add_TwoNumberParam_ReturnsTypedQuery" />
    </UnitTest>
    <UnitTest name="Add_OneTextParam_ReturnsQuery" storage="d:\udane\dropbox\spquerygenerator\spquerycalculatortests\bin\debug\spquerycalculatortests.dll" id="ca19937a-44f7-05a7-d742-ece0c45945fc">
      <Execution id="1ac72dee-d9a2-4439-8c67-2576e692b933" />
      <TestMethod codeBase="D:/UDANE/Dropbox/SPQueryGenerator/SPQueryCalculatorTests/bin/Debug/SPQueryCalculatorTests.DLL" adapterTypeName="Microsoft.VisualStudio.TestTools.TestTypes.Unit.UnitTestAdapter, Microsoft.VisualStudio.QualityTools.Tips.UnitTest.Adapter, Version=10.0.0.0, Culture=neutral, PublicKeyToken=b03f5f7f11d50a3a" className="SPQueryCalculatorTests.CalculatorTest, SPQueryCalculatorTests, Version=1.0.0.0, Culture=neutral, PublicKeyToken=null" name="Add_OneTextParam_ReturnsQuery" />
    </UnitTest>
    <UnitTest name="Add_AnotherTextParam_ReturnsQuery" storage="d:\udane\dropbox\spquerygenerator\spquerycalculatortests\bin\debug\spquerycalculatortests.dll" id="6b9ff9fe-ce86-419c-762a-dc1195193241">
      <Execution id="2bf014c1-61db-4c96-8453-ed8775479688" />
      <TestMethod codeBase="D:/UDANE/Dropbox/SPQueryGenerator/SPQueryCalculatorTests/bin/Debug/SPQueryCalculatorTests.DLL" adapterTypeName="Microsoft.VisualStudio.TestTools.TestTypes.Unit.UnitTestAdapter, Microsoft.VisualStudio.QualityTools.Tips.UnitTest.Adapter, Version=10.0.0.0, Culture=neutral, PublicKeyToken=b03f5f7f11d50a3a" className="SPQueryCalculatorTests.CalculatorTest, SPQueryCalculatorTests, Version=1.0.0.0, Culture=neutral, PublicKeyToken=null" name="Add_AnotherTextParam_ReturnsQuery" />
    </UnitTest>
    <UnitTest name="Add_TwoTextParams_ReturnsQuery" storage="d:\udane\dropbox\spquerygenerator\spquerycalculatortests\bin\debug\spquerycalculatortests.dll" id="c38ee134-290e-942e-c9ab-6fca22313dae">
      <Execution id="7c3e1ede-776a-4db3-af8e-f00510830a08" />
      <TestMethod codeBase="D:/UDANE/Dropbox/SPQueryGenerator/SPQueryCalculatorTests/bin/Debug/SPQueryCalculatorTests.DLL" adapterTypeName="Microsoft.VisualStudio.TestTools.TestTypes.Unit.UnitTestAdapter, Microsoft.VisualStudio.QualityTools.Tips.UnitTest.Adapter, Version=10.0.0.0, Culture=neutral, PublicKeyToken=b03f5f7f11d50a3a" className="SPQueryCalculatorTests.CalculatorTest, SPQueryCalculatorTests, Version=1.0.0.0, Culture=neutral, PublicKeyToken=null" name="Add_TwoTextParams_ReturnsQuery" />
    </UnitTest>
    <UnitTest name="Add_FourTextParams_ReturnsQuery" storage="d:\udane\dropbox\spquerygenerator\spquerycalculatortests\bin\debug\spquerycalculatortests.dll" id="96dc6a2c-6bb9-774c-8b34-f885620eb2cf">
      <Execution id="e2103eff-b86d-4651-b9d7-3d8898dce99a" />
      <TestMethod codeBase="D:/UDANE/Dropbox/SPQueryGenerator/SPQueryCalculatorTests/bin/Debug/SPQueryCalculatorTests.DLL" adapterTypeName="Microsoft.VisualStudio.TestTools.TestTypes.Unit.UnitTestAdapter, Microsoft.VisualStudio.QualityTools.Tips.UnitTest.Adapter, Version=10.0.0.0, Culture=neutral, PublicKeyToken=b03f5f7f11d50a3a" className="SPQueryCalculatorTests.CalculatorTest, SPQueryCalculatorTests, Version=1.0.0.0, Culture=neutral, PublicKeyToken=null" name="Add_FourTextParams_ReturnsQuery" />
    </UnitTest>
    <UnitTest name="Add_ThreeTextParams_ReturnsQuery" storage="d:\udane\dropbox\spquerygenerator\spquerycalculatortests\bin\debug\spquerycalculatortests.dll" id="322d3e75-dd9a-1c05-6ec9-9ce92eb5dfc2">
      <Execution id="a1b3f2ad-7aaa-49c6-849c-0707b53e07fb" />
      <TestMethod codeBase="D:/UDANE/Dropbox/SPQueryGenerator/SPQueryCalculatorTests/bin/Debug/SPQueryCalculatorTests.DLL" adapterTypeName="Microsoft.VisualStudio.TestTools.TestTypes.Unit.UnitTestAdapter, Microsoft.VisualStudio.QualityTools.Tips.UnitTest.Adapter, Version=10.0.0.0, Culture=neutral, PublicKeyToken=b03f5f7f11d50a3a" className="SPQueryCalculatorTests.CalculatorTest, SPQueryCalculatorTests, Version=1.0.0.0, Culture=neutral, PublicKeyToken=null" name="Add_ThreeTextParams_ReturnsQuery" />
    </UnitTest>
  </TestDefinitions>
  <TestLists>
    <TestList name="Results Not in a List" id="8c84fa94-04c1-424b-9868-57a2d4851a1d" />
    <TestList name="All Loaded Results" id="19431567-8539-422a-85d7-44ee4e166bda" />
  </TestLists>
  <TestEntries>
    <TestEntry testId="322d3e75-dd9a-1c05-6ec9-9ce92eb5dfc2" executionId="a1b3f2ad-7aaa-49c6-849c-0707b53e07fb" testListId="8c84fa94-04c1-424b-9868-57a2d4851a1d" />
    <TestEntry testId="35bcce11-7d90-74e5-6c13-8ab28c4a3c39" executionId="5dcf77e8-ef1b-4156-8bb9-e34a01c55f8d" testListId="8c84fa94-04c1-424b-9868-57a2d4851a1d" />
    <TestEntry testId="6b9ff9fe-ce86-419c-762a-dc1195193241" executionId="2bf014c1-61db-4c96-8453-ed8775479688" testListId="8c84fa94-04c1-424b-9868-57a2d4851a1d" />
    <TestEntry testId="96dc6a2c-6bb9-774c-8b34-f885620eb2cf" executionId="e2103eff-b86d-4651-b9d7-3d8898dce99a" testListId="8c84fa94-04c1-424b-9868-57a2d4851a1d" />
    <TestEntry testId="c031f7ae-394d-9bd6-6923-933084bd5665" executionId="d2b391ff-9412-45cc-9f1c-e12d5e270f8d" testListId="8c84fa94-04c1-424b-9868-57a2d4851a1d" />
    <TestEntry testId="c38ee134-290e-942e-c9ab-6fca22313dae" executionId="7c3e1ede-776a-4db3-af8e-f00510830a08" testListId="8c84fa94-04c1-424b-9868-57a2d4851a1d" />
    <TestEntry testId="ca19937a-44f7-05a7-d742-ece0c45945fc" executionId="1ac72dee-d9a2-4439-8c67-2576e692b933" testListId="8c84fa94-04c1-424b-9868-57a2d4851a1d" />
  </TestEntries>
  <Results>
    <UnitTestResult executionId="a1b3f2ad-7aaa-49c6-849c-0707b53e07fb" testId="322d3e75-dd9a-1c05-6ec9-9ce92eb5dfc2" testName="Add_ThreeTextParams_ReturnsQuery" computerName="UDANE-PC" duration="00:00:00.0152433" startTime="2013-11-17T20:47:20.6744000+01:00" endTime="2013-11-17T20:47:20.9914000+01:00" testType="13cdc9d9-ddb5-4fa4-a97d-d965ccfc6d4b" outcome="Passed" testListId="8c84fa94-04c1-424b-9868-57a2d4851a1d" relativeResultsDirectory="a1b3f2ad-7aaa-49c6-849c-0707b53e07fb">
    </UnitTestResult>
    <UnitTestResult executionId="5dcf77e8-ef1b-4156-8bb9-e34a01c55f8d" testId="35bcce11-7d90-74e5-6c13-8ab28c4a3c39" testName="Add_OneNumberParam_ReturnsTypedQuery" computerName="UDANE-PC" duration="00:00:00.0002399" startTime="2013-11-17T20:47:20.9954000+01:00" endTime="2013-11-17T20:47:21.0024000+01:00" testType="13cdc9d9-ddb5-4fa4-a97d-d965ccfc6d4b" outcome="Passed" testListId="8c84fa94-04c1-424b-9868-57a2d4851a1d" relativeResultsDirectory="5dcf77e8-ef1b-4156-8bb9-e34a01c55f8d">
    </UnitTestResult>
    <UnitTestResult executionId="2bf014c1-61db-4c96-8453-ed8775479688" testId="6b9ff9fe-ce86-419c-762a-dc1195193241" testName="Add_AnotherTextParam_ReturnsQuery" computerName="UDANE-PC" duration="00:00:00.0002227" startTime="2013-11-17T20:47:21.0054000+01:00" endTime="2013-11-17T20:47:21.0114000+01:00" testType="13cdc9d9-ddb5-4fa4-a97d-d965ccfc6d4b" outcome="Passed" testListId="8c84fa94-04c1-424b-9868-57a2d4851a1d" relativeResultsDirectory="2bf014c1-61db-4c96-8453-ed8775479688">
    </UnitTestResult>
    <UnitTestResult executionId="e2103eff-b86d-4651-b9d7-3d8898dce99a" testId="96dc6a2c-6bb9-774c-8b34-f885620eb2cf" testName="Add_FourTextParams_ReturnsQuery" computerName="UDANE-PC" duration="00:00:00.0002730" startTime="2013-11-17T20:47:21.0154000+01:00" endTime="2013-11-17T20:47:21.0234000+01:00" testType="13cdc9d9-ddb5-4fa4-a97d-d965ccfc6d4b" outcome="Passed" testListId="8c84fa94-04c1-424b-9868-57a2d4851a1d" relativeResultsDirectory="e2103eff-b86d-4651-b9d7-3d8898dce99a">
    </UnitTestResult>
    <UnitTestResult executionId="d2b391ff-9412-45cc-9f1c-e12d5e270f8d" testId="c031f7ae-394d-9bd6-6923-933084bd5665" testName="Add_TwoNumberParam_ReturnsTypedQuery" computerName="UDANE-PC" duration="00:00:00.0002576" startTime="2013-11-17T20:47:21.0264000+01:00" endTime="2013-11-17T20:47:21.0344000+01:00" testType="13cdc9d9-ddb5-4fa4-a97d-d965ccfc6d4b" outcome="Passed" testListId="8c84fa94-04c1-424b-9868-57a2d4851a1d" relativeResultsDirectory="d2b391ff-9412-45cc-9f1c-e12d5e270f8d">
    </UnitTestResult>
    <UnitTestResult executionId="7c3e1ede-776a-4db3-af8e-f00510830a08" testId="c38ee134-290e-942e-c9ab-6fca22313dae" testName="Add_TwoTextParams_ReturnsQuery" computerName="UDANE-PC" duration="00:00:00.0002334" startTime="2013-11-17T20:47:21.0364000+01:00" endTime="2013-11-17T20:47:21.0434000+01:00" testType="13cdc9d9-ddb5-4fa4-a97d-d965ccfc6d4b" outcome="Passed" testListId="8c84fa94-04c1-424b-9868-57a2d4851a1d" relativeResultsDirectory="7c3e1ede-776a-4db3-af8e-f00510830a08">
    </UnitTestResult>
    <UnitTestResult executionId="1ac72dee-d9a2-4439-8c67-2576e692b933" testId="ca19937a-44f7-05a7-d742-ece0c45945fc" testName="Add_OneTextParam_ReturnsQuery" computerName="UDANE-PC" duration="00:00:00.0002242" startTime="2013-11-17T20:47:21.0474000+01:00" endTime="2013-11-17T20:47:21.0534000+01:00" testType="13cdc9d9-ddb5-4fa4-a97d-d965ccfc6d4b" outcome="Passed" testListId="8c84fa94-04c1-424b-9868-57a2d4851a1d" relativeResultsDirectory="1ac72dee-d9a2-4439-8c67-2576e692b933">
    </UnitTestResult>
  </Results>
</TestRun>