<?xml version="1.0" encoding="UTF-8"?>
<TestRun id="0495ca9e-b65f-4087-a441-a412b678e681" name="Udane@UDANE-PC 2013-11-17 20:08:01" runUser="Udane-PC\Udane" xmlns="http://microsoft.com/schemas/VisualStudio/TeamTest/2010">
  <TestSettings name="Local" id="a4a3c703-e8d7-4505-bda8-f44b0827b01b">
    <Description>These are default test settings for a local test run.</Description>
    <Deployment enabled="false" runDeploymentRoot="Udane_UDANE-PC 2013-11-17 20_08_01">
      <DeploymentItem filename="D:\UDANE\Dropbox\SPQueryGenerator\SPQueryGenerator\bin\Debug\SPQueryGenerator.dll" />
    </Deployment>
    <Execution>
      <TestTypeSpecific />
      <AgentRule name="Execution Agents">
      </AgentRule>
    </Execution>
  </TestSettings>
  <Times creation="2013-11-17T20:08:01.5894000+01:00" queuing="2013-11-17T20:08:01.6064000+01:00" start="2013-11-17T20:08:01.6354000+01:00" finish="2013-11-17T20:08:02.0604000+01:00" />
  <ResultSummary outcome="Failed">
    <Counters total="7" executed="7" passed="6" error="0" failed="1" timeout="0" aborted="0" inconclusive="0" passedButRunAborted="0" notRunnable="0" notExecuted="0" disconnected="0" warning="0" completed="0" inProgress="0" pending="0" />
  </ResultSummary>
  <TestDefinitions>
    <UnitTest name="Add_AnotherStringParam_ReturnsQuery" storage="d:\udane\dropbox\spquerygenerator\spquerycalculatortests\bin\debug\spquerycalculatortests.dll" id="80a629ee-b8c0-22d7-ee85-3e122ab7c5de">
      <Execution id="416c2a49-5c70-41bf-97ef-1fa9d7598226" />
      <TestMethod codeBase="D:/UDANE/Dropbox/SPQueryGenerator/SPQueryCalculatorTests/bin/Debug/SPQueryCalculatorTests.DLL" adapterTypeName="Microsoft.VisualStudio.TestTools.TestTypes.Unit.UnitTestAdapter, Microsoft.VisualStudio.QualityTools.Tips.UnitTest.Adapter, Version=10.0.0.0, Culture=neutral, PublicKeyToken=b03f5f7f11d50a3a" className="SPQueryCalculatorTests.CalculatorTest, SPQueryCalculatorTests, Version=1.0.0.0, Culture=neutral, PublicKeyToken=null" name="Add_AnotherStringParam_ReturnsQuery" />
    </UnitTest>
    <UnitTest name="Add_OneStringParam_ReturnsQuery" storage="d:\udane\dropbox\spquerygenerator\spquerycalculatortests\bin\debug\spquerycalculatortests.dll" id="768b1f98-b1d5-bd63-327a-3708b767af69">
      <Execution id="66b51b15-755b-4e4a-86c9-f5f45bc33f7e" />
      <TestMethod codeBase="D:/UDANE/Dropbox/SPQueryGenerator/SPQueryCalculatorTests/bin/Debug/SPQueryCalculatorTests.DLL" adapterTypeName="Microsoft.VisualStudio.TestTools.TestTypes.Unit.UnitTestAdapter, Microsoft.VisualStudio.QualityTools.Tips.UnitTest.Adapter, Version=10.0.0.0, Culture=neutral, PublicKeyToken=b03f5f7f11d50a3a" className="SPQueryCalculatorTests.CalculatorTest, SPQueryCalculatorTests, Version=1.0.0.0, Culture=neutral, PublicKeyToken=null" name="Add_OneStringParam_ReturnsQuery" />
    </UnitTest>
    <UnitTest name="Add_ThreeStringParams_ReturnsQuery" storage="d:\udane\dropbox\spquerygenerator\spquerycalculatortests\bin\debug\spquerycalculatortests.dll" id="a7a73d93-f7e5-3c17-914c-b303eaf4047e">
      <Execution id="27af9dd1-22a5-4723-885e-9ec3d8bb511e" />
      <TestMethod codeBase="D:/UDANE/Dropbox/SPQueryGenerator/SPQueryCalculatorTests/bin/Debug/SPQueryCalculatorTests.DLL" adapterTypeName="Microsoft.VisualStudio.TestTools.TestTypes.Unit.UnitTestAdapter, Microsoft.VisualStudio.QualityTools.Tips.UnitTest.Adapter, Version=10.0.0.0, Culture=neutral, PublicKeyToken=b03f5f7f11d50a3a" className="SPQueryCalculatorTests.CalculatorTest, SPQueryCalculatorTests, Version=1.0.0.0, Culture=neutral, PublicKeyToken=null" name="Add_ThreeStringParams_ReturnsQuery" />
    </UnitTest>
    <UnitTest name="Add_FourStringParams_ReturnsQuery" storage="d:\udane\dropbox\spquerygenerator\spquerycalculatortests\bin\debug\spquerycalculatortests.dll" id="9db06ff5-fc8f-672e-049c-a23cd2790d1a">
      <Execution id="6be67300-4c3b-400e-999a-2898b36fb29a" />
      <TestMethod codeBase="D:/UDANE/Dropbox/SPQueryGenerator/SPQueryCalculatorTests/bin/Debug/SPQueryCalculatorTests.DLL" adapterTypeName="Microsoft.VisualStudio.TestTools.TestTypes.Unit.UnitTestAdapter, Microsoft.VisualStudio.QualityTools.Tips.UnitTest.Adapter, Version=10.0.0.0, Culture=neutral, PublicKeyToken=b03f5f7f11d50a3a" className="SPQueryCalculatorTests.CalculatorTest, SPQueryCalculatorTests, Version=1.0.0.0, Culture=neutral, PublicKeyToken=null" name="Add_FourStringParams_ReturnsQuery" />
    </UnitTest>
    <UnitTest name="Add_TwoIntegerParam_ReturnsTypedQuery" storage="d:\udane\dropbox\spquerygenerator\spquerycalculatortests\bin\debug\spquerycalculatortests.dll" id="1555f5b8-91d7-55f5-fbe8-8de3c4a50e51">
      <Execution id="c593433b-967e-4ca4-9038-09f59e3dede5" />
      <TestMethod codeBase="D:/UDANE/Dropbox/SPQueryGenerator/SPQueryCalculatorTests/bin/Debug/SPQueryCalculatorTests.DLL" adapterTypeName="Microsoft.VisualStudio.TestTools.TestTypes.Unit.UnitTestAdapter, Microsoft.VisualStudio.QualityTools.Tips.UnitTest.Adapter, Version=10.0.0.0, Culture=neutral, PublicKeyToken=b03f5f7f11d50a3a" className="SPQueryCalculatorTests.CalculatorTest, SPQueryCalculatorTests, Version=1.0.0.0, Culture=neutral, PublicKeyToken=null" name="Add_TwoIntegerParam_ReturnsTypedQuery" />
    </UnitTest>
    <UnitTest name="Add_OneIntegerParam_ReturnsTypedQuery" storage="d:\udane\dropbox\spquerygenerator\spquerycalculatortests\bin\debug\spquerycalculatortests.dll" id="85871807-8726-aa35-9ba6-ff604a775700">
      <Execution id="683b87c0-afc9-45c9-8489-1f9119c5279e" />
      <TestMethod codeBase="D:/UDANE/Dropbox/SPQueryGenerator/SPQueryCalculatorTests/bin/Debug/SPQueryCalculatorTests.DLL" adapterTypeName="Microsoft.VisualStudio.TestTools.TestTypes.Unit.UnitTestAdapter, Microsoft.VisualStudio.QualityTools.Tips.UnitTest.Adapter, Version=10.0.0.0, Culture=neutral, PublicKeyToken=b03f5f7f11d50a3a" className="SPQueryCalculatorTests.CalculatorTest, SPQueryCalculatorTests, Version=1.0.0.0, Culture=neutral, PublicKeyToken=null" name="Add_OneIntegerParam_ReturnsTypedQuery" />
    </UnitTest>
    <UnitTest name="Add_TwoStringParams_ReturnsQuery" storage="d:\udane\dropbox\spquerygenerator\spquerycalculatortests\bin\debug\spquerycalculatortests.dll" id="0f5253f4-2d95-9022-5a24-efe796589e59">
      <Execution id="97359f02-4422-43a2-88c6-95f40473f2a8" />
      <TestMethod codeBase="D:/UDANE/Dropbox/SPQueryGenerator/SPQueryCalculatorTests/bin/Debug/SPQueryCalculatorTests.DLL" adapterTypeName="Microsoft.VisualStudio.TestTools.TestTypes.Unit.UnitTestAdapter, Microsoft.VisualStudio.QualityTools.Tips.UnitTest.Adapter, Version=10.0.0.0, Culture=neutral, PublicKeyToken=b03f5f7f11d50a3a" className="SPQueryCalculatorTests.CalculatorTest, SPQueryCalculatorTests, Version=1.0.0.0, Culture=neutral, PublicKeyToken=null" name="Add_TwoStringParams_ReturnsQuery" />
    </UnitTest>
  </TestDefinitions>
  <TestLists>
    <TestList name="Results Not in a List" id="8c84fa94-04c1-424b-9868-57a2d4851a1d" />
    <TestList name="All Loaded Results" id="19431567-8539-422a-85d7-44ee4e166bda" />
  </TestLists>
  <TestEntries>
    <TestEntry testId="0f5253f4-2d95-9022-5a24-efe796589e59" executionId="97359f02-4422-43a2-88c6-95f40473f2a8" testListId="8c84fa94-04c1-424b-9868-57a2d4851a1d" />
    <TestEntry testId="1555f5b8-91d7-55f5-fbe8-8de3c4a50e51" executionId="c593433b-967e-4ca4-9038-09f59e3dede5" testListId="8c84fa94-04c1-424b-9868-57a2d4851a1d" />
    <TestEntry testId="768b1f98-b1d5-bd63-327a-3708b767af69" executionId="66b51b15-755b-4e4a-86c9-f5f45bc33f7e" testListId="8c84fa94-04c1-424b-9868-57a2d4851a1d" />
    <TestEntry testId="80a629ee-b8c0-22d7-ee85-3e122ab7c5de" executionId="416c2a49-5c70-41bf-97ef-1fa9d7598226" testListId="8c84fa94-04c1-424b-9868-57a2d4851a1d" />
    <TestEntry testId="85871807-8726-aa35-9ba6-ff604a775700" executionId="683b87c0-afc9-45c9-8489-1f9119c5279e" testListId="8c84fa94-04c1-424b-9868-57a2d4851a1d" />
    <TestEntry testId="9db06ff5-fc8f-672e-049c-a23cd2790d1a" executionId="6be67300-4c3b-400e-999a-2898b36fb29a" testListId="8c84fa94-04c1-424b-9868-57a2d4851a1d" />
    <TestEntry testId="a7a73d93-f7e5-3c17-914c-b303eaf4047e" executionId="27af9dd1-22a5-4723-885e-9ec3d8bb511e" testListId="8c84fa94-04c1-424b-9868-57a2d4851a1d" />
  </TestEntries>
  <Results>
    <UnitTestResult executionId="97359f02-4422-43a2-88c6-95f40473f2a8" testId="0f5253f4-2d95-9022-5a24-efe796589e59" testName="Add_TwoStringParams_ReturnsQuery" computerName="UDANE-PC" duration="00:00:00.0153485" startTime="2013-11-17T20:08:01.6454000+01:00" endTime="2013-11-17T20:08:01.8794000+01:00" testType="13cdc9d9-ddb5-4fa4-a97d-d965ccfc6d4b" outcome="Passed" testListId="8c84fa94-04c1-424b-9868-57a2d4851a1d" relativeResultsDirectory="97359f02-4422-43a2-88c6-95f40473f2a8">
    </UnitTestResult>
    <UnitTestResult executionId="c593433b-967e-4ca4-9038-09f59e3dede5" testId="1555f5b8-91d7-55f5-fbe8-8de3c4a50e51" testName="Add_TwoIntegerParam_ReturnsTypedQuery" computerName="UDANE-PC" duration="00:00:00.0345696" startTime="2013-11-17T20:08:01.8884000+01:00" endTime="2013-11-17T20:08:01.9534000+01:00" testType="13cdc9d9-ddb5-4fa4-a97d-d965ccfc6d4b" outcome="Failed" testListId="8c84fa94-04c1-424b-9868-57a2d4851a1d" relativeResultsDirectory="c593433b-967e-4ca4-9038-09f59e3dede5">
      <Output>
        <ErrorInfo>
          <Message>Assert.AreEqual failed. Expected:&lt;&lt;Where&gt;&lt;And&gt;&lt;Eq&gt;&lt;FieldRef Name='field1' /&gt;&lt;Value Type='Integer'&gt;value1&lt;/Value&gt;&lt;/Eq&gt;&lt;Eq&gt;&lt;FieldRef Name='field2' /&gt;&lt;Value Type='Integer'&gt;value2&lt;/Value&gt;&lt;/Eq&gt;&lt;/And&gt;&lt;/Where&gt;&gt;. Actual:&lt;&lt;Where&gt;&lt;And&gt;&lt;Eq&gt;&lt;FieldRef Name='field1' /&gt;&lt;Value Type='Integer'&gt;value1&lt;/Value&gt;&lt;/Eq&gt;&lt;Eq&gt;&lt;FieldRef Name='field2' /&gt;&lt;Value Type='String'&gt;value2&lt;/Value&gt;&lt;/Eq&gt;&lt;/And&gt;&lt;/Where&gt;&gt;. </Message>
          <StackTrace>   at SPQueryCalculatorTests.CalculatorTest.Add_TwoIntegerParam_ReturnsTypedQuery() in D:\UDANE\Dropbox\SPQueryGenerator\SPQueryCalculatorTests\CalculatorTest.cs:line 118
</StackTrace>
        </ErrorInfo>
      </Output>
    </UnitTestResult>
    <UnitTestResult executionId="66b51b15-755b-4e4a-86c9-f5f45bc33f7e" testId="768b1f98-b1d5-bd63-327a-3708b767af69" testName="Add_OneStringParam_ReturnsQuery" computerName="UDANE-PC" duration="00:00:00.0002588" startTime="2013-11-17T20:08:01.9574000+01:00" endTime="2013-11-17T20:08:01.9674000+01:00" testType="13cdc9d9-ddb5-4fa4-a97d-d965ccfc6d4b" outcome="Passed" testListId="8c84fa94-04c1-424b-9868-57a2d4851a1d" relativeResultsDirectory="66b51b15-755b-4e4a-86c9-f5f45bc33f7e">
    </UnitTestResult>
    <UnitTestResult executionId="416c2a49-5c70-41bf-97ef-1fa9d7598226" testId="80a629ee-b8c0-22d7-ee85-3e122ab7c5de" testName="Add_AnotherStringParam_ReturnsQuery" computerName="UDANE-PC" duration="00:00:00.0003459" startTime="2013-11-17T20:08:01.9724000+01:00" endTime="2013-11-17T20:08:01.9814000+01:00" testType="13cdc9d9-ddb5-4fa4-a97d-d965ccfc6d4b" outcome="Passed" testListId="8c84fa94-04c1-424b-9868-57a2d4851a1d" relativeResultsDirectory="416c2a49-5c70-41bf-97ef-1fa9d7598226">
    </UnitTestResult>
    <UnitTestResult executionId="683b87c0-afc9-45c9-8489-1f9119c5279e" testId="85871807-8726-aa35-9ba6-ff604a775700" testName="Add_OneIntegerParam_ReturnsTypedQuery" computerName="UDANE-PC" duration="00:00:00.0003283" startTime="2013-11-17T20:08:01.9904000+01:00" endTime="2013-11-17T20:08:02.0054000+01:00" testType="13cdc9d9-ddb5-4fa4-a97d-d965ccfc6d4b" outcome="Passed" testListId="8c84fa94-04c1-424b-9868-57a2d4851a1d" relativeResultsDirectory="683b87c0-afc9-45c9-8489-1f9119c5279e">
    </UnitTestResult>
    <UnitTestResult executionId="6be67300-4c3b-400e-999a-2898b36fb29a" testId="9db06ff5-fc8f-672e-049c-a23cd2790d1a" testName="Add_FourStringParams_ReturnsQuery" computerName="UDANE-PC" duration="00:00:00.0002676" startTime="2013-11-17T20:08:02.0074000+01:00" endTime="2013-11-17T20:08:02.0154000+01:00" testType="13cdc9d9-ddb5-4fa4-a97d-d965ccfc6d4b" outcome="Passed" testListId="8c84fa94-04c1-424b-9868-57a2d4851a1d" relativeResultsDirectory="6be67300-4c3b-400e-999a-2898b36fb29a">
    </UnitTestResult>
    <UnitTestResult executionId="27af9dd1-22a5-4723-885e-9ec3d8bb511e" testId="a7a73d93-f7e5-3c17-914c-b303eaf4047e" testName="Add_ThreeStringParams_ReturnsQuery" computerName="UDANE-PC" duration="00:00:00.0007414" startTime="2013-11-17T20:08:02.0234000+01:00" endTime="2013-11-17T20:08:02.0304000+01:00" testType="13cdc9d9-ddb5-4fa4-a97d-d965ccfc6d4b" outcome="Passed" testListId="8c84fa94-04c1-424b-9868-57a2d4851a1d" relativeResultsDirectory="27af9dd1-22a5-4723-885e-9ec3d8bb511e">
    </UnitTestResult>
  </Results>
</TestRun>