<?xml version="1.0" encoding="UTF-8"?>
<TestRun id="3d539d3d-a533-4a7e-82c1-8769796bc98f" name="Udane@UDANE-PC 2013-11-17 20:33:27" runUser="Udane-PC\Udane" xmlns="http://microsoft.com/schemas/VisualStudio/TeamTest/2010">
  <TestSettings name="Local" id="a4a3c703-e8d7-4505-bda8-f44b0827b01b">
    <Description>These are default test settings for a local test run.</Description>
    <Deployment enabled="false" runDeploymentRoot="Udane_UDANE-PC 2013-11-17 20_33_27">
      <DeploymentItem filename="D:\UDANE\Dropbox\SPQueryGenerator\SPQueryGenerator\bin\Debug\SPQueryGenerator.dll" />
    </Deployment>
    <Execution>
      <TestTypeSpecific />
      <AgentRule name="Execution Agents">
      </AgentRule>
    </Execution>
  </TestSettings>
  <Times creation="2013-11-17T20:33:27.8204000+01:00" queuing="2013-11-17T20:33:27.8494000+01:00" start="2013-11-17T20:33:27.8794000+01:00" finish="2013-11-17T20:33:28.3534000+01:00" />
  <ResultSummary outcome="Completed">
    <Counters total="7" executed="7" passed="7" error="0" failed="0" timeout="0" aborted="0" inconclusive="0" passedButRunAborted="0" notRunnable="0" notExecuted="0" disconnected="0" warning="0" completed="0" inProgress="0" pending="0" />
  </ResultSummary>
  <TestDefinitions>
    <UnitTest name="Add_OneNumberParam_ReturnsTypedQuery" storage="d:\udane\dropbox\spquerygenerator\spquerycalculatortests\bin\debug\spquerycalculatortests.dll" id="35bcce11-7d90-74e5-6c13-8ab28c4a3c39">
      <Execution id="8b5bb915-775c-47f6-a6dd-05b2bc3d5e04" />
      <TestMethod codeBase="D:/UDANE/Dropbox/SPQueryGenerator/SPQueryCalculatorTests/bin/Debug/SPQueryCalculatorTests.DLL" adapterTypeName="Microsoft.VisualStudio.TestTools.TestTypes.Unit.UnitTestAdapter, Microsoft.VisualStudio.QualityTools.Tips.UnitTest.Adapter, Version=10.0.0.0, Culture=neutral, PublicKeyToken=b03f5f7f11d50a3a" className="SPQueryCalculatorTests.CalculatorTest, SPQueryCalculatorTests, Version=1.0.0.0, Culture=neutral, PublicKeyToken=null" name="Add_OneNumberParam_ReturnsTypedQuery" />
    </UnitTest>
    <UnitTest name="Add_TwoNumberParam_ReturnsTypedQuery" storage="d:\udane\dropbox\spquerygenerator\spquerycalculatortests\bin\debug\spquerycalculatortests.dll" id="c031f7ae-394d-9bd6-6923-933084bd5665">
      <Execution id="84ba873a-c362-49aa-8873-b9526a3feff7" />
      <TestMethod codeBase="D:/UDANE/Dropbox/SPQueryGenerator/SPQueryCalculatorTests/bin/Debug/SPQueryCalculatorTests.DLL" adapterTypeName="Microsoft.VisualStudio.TestTools.TestTypes.Unit.UnitTestAdapter, Microsoft.VisualStudio.QualityTools.Tips.UnitTest.Adapter, Version=10.0.0.0, Culture=neutral, PublicKeyToken=b03f5f7f11d50a3a" className="SPQueryCalculatorTests.CalculatorTest, SPQueryCalculatorTests, Version=1.0.0.0, Culture=neutral, PublicKeyToken=null" name="Add_TwoNumberParam_ReturnsTypedQuery" />
    </UnitTest>
    <UnitTest name="Add_OneTextParam_ReturnsQuery" storage="d:\udane\dropbox\spquerygenerator\spquerycalculatortests\bin\debug\spquerycalculatortests.dll" id="ca19937a-44f7-05a7-d742-ece0c45945fc">
      <Execution id="7e4907cc-9cb7-45df-9b31-310c0455281b" />
      <TestMethod codeBase="D:/UDANE/Dropbox/SPQueryGenerator/SPQueryCalculatorTests/bin/Debug/SPQueryCalculatorTests.DLL" adapterTypeName="Microsoft.VisualStudio.TestTools.TestTypes.Unit.UnitTestAdapter, Microsoft.VisualStudio.QualityTools.Tips.UnitTest.Adapter, Version=10.0.0.0, Culture=neutral, PublicKeyToken=b03f5f7f11d50a3a" className="SPQueryCalculatorTests.CalculatorTest, SPQueryCalculatorTests, Version=1.0.0.0, Culture=neutral, PublicKeyToken=null" name="Add_OneTextParam_ReturnsQuery" />
    </UnitTest>
    <UnitTest name="Add_AnotherTextParam_ReturnsQuery" storage="d:\udane\dropbox\spquerygenerator\spquerycalculatortests\bin\debug\spquerycalculatortests.dll" id="6b9ff9fe-ce86-419c-762a-dc1195193241">
      <Execution id="b8965113-d86d-4480-954d-255684c481df" />
      <TestMethod codeBase="D:/UDANE/Dropbox/SPQueryGenerator/SPQueryCalculatorTests/bin/Debug/SPQueryCalculatorTests.DLL" adapterTypeName="Microsoft.VisualStudio.TestTools.TestTypes.Unit.UnitTestAdapter, Microsoft.VisualStudio.QualityTools.Tips.UnitTest.Adapter, Version=10.0.0.0, Culture=neutral, PublicKeyToken=b03f5f7f11d50a3a" className="SPQueryCalculatorTests.CalculatorTest, SPQueryCalculatorTests, Version=1.0.0.0, Culture=neutral, PublicKeyToken=null" name="Add_AnotherTextParam_ReturnsQuery" />
    </UnitTest>
    <UnitTest name="Add_TwoTextParams_ReturnsQuery" storage="d:\udane\dropbox\spquerygenerator\spquerycalculatortests\bin\debug\spquerycalculatortests.dll" id="c38ee134-290e-942e-c9ab-6fca22313dae">
      <Execution id="18fa58b4-5268-4415-83c6-0238f511c39f" />
      <TestMethod codeBase="D:/UDANE/Dropbox/SPQueryGenerator/SPQueryCalculatorTests/bin/Debug/SPQueryCalculatorTests.DLL" adapterTypeName="Microsoft.VisualStudio.TestTools.TestTypes.Unit.UnitTestAdapter, Microsoft.VisualStudio.QualityTools.Tips.UnitTest.Adapter, Version=10.0.0.0, Culture=neutral, PublicKeyToken=b03f5f7f11d50a3a" className="SPQueryCalculatorTests.CalculatorTest, SPQueryCalculatorTests, Version=1.0.0.0, Culture=neutral, PublicKeyToken=null" name="Add_TwoTextParams_ReturnsQuery" />
    </UnitTest>
    <UnitTest name="Add_FourTextParams_ReturnsQuery" storage="d:\udane\dropbox\spquerygenerator\spquerycalculatortests\bin\debug\spquerycalculatortests.dll" id="96dc6a2c-6bb9-774c-8b34-f885620eb2cf">
      <Execution id="134d5452-023f-4cd9-adf2-b46becc0a56c" />
      <TestMethod codeBase="D:/UDANE/Dropbox/SPQueryGenerator/SPQueryCalculatorTests/bin/Debug/SPQueryCalculatorTests.DLL" adapterTypeName="Microsoft.VisualStudio.TestTools.TestTypes.Unit.UnitTestAdapter, Microsoft.VisualStudio.QualityTools.Tips.UnitTest.Adapter, Version=10.0.0.0, Culture=neutral, PublicKeyToken=b03f5f7f11d50a3a" className="SPQueryCalculatorTests.CalculatorTest, SPQueryCalculatorTests, Version=1.0.0.0, Culture=neutral, PublicKeyToken=null" name="Add_FourTextParams_ReturnsQuery" />
    </UnitTest>
    <UnitTest name="Add_ThreeTextParams_ReturnsQuery" storage="d:\udane\dropbox\spquerygenerator\spquerycalculatortests\bin\debug\spquerycalculatortests.dll" id="322d3e75-dd9a-1c05-6ec9-9ce92eb5dfc2">
      <Execution id="8895a9cf-4ee6-4eeb-a74f-1d46f4727fe9" />
      <TestMethod codeBase="D:/UDANE/Dropbox/SPQueryGenerator/SPQueryCalculatorTests/bin/Debug/SPQueryCalculatorTests.DLL" adapterTypeName="Microsoft.VisualStudio.TestTools.TestTypes.Unit.UnitTestAdapter, Microsoft.VisualStudio.QualityTools.Tips.UnitTest.Adapter, Version=10.0.0.0, Culture=neutral, PublicKeyToken=b03f5f7f11d50a3a" className="SPQueryCalculatorTests.CalculatorTest, SPQueryCalculatorTests, Version=1.0.0.0, Culture=neutral, PublicKeyToken=null" name="Add_ThreeTextParams_ReturnsQuery" />
    </UnitTest>
  </TestDefinitions>
  <TestLists>
    <TestList name="Results Not in a List" id="8c84fa94-04c1-424b-9868-57a2d4851a1d" />
    <TestList name="All Loaded Results" id="19431567-8539-422a-85d7-44ee4e166bda" />
  </TestLists>
  <TestEntries>
    <TestEntry testId="322d3e75-dd9a-1c05-6ec9-9ce92eb5dfc2" executionId="8895a9cf-4ee6-4eeb-a74f-1d46f4727fe9" testListId="8c84fa94-04c1-424b-9868-57a2d4851a1d" />
    <TestEntry testId="35bcce11-7d90-74e5-6c13-8ab28c4a3c39" executionId="8b5bb915-775c-47f6-a6dd-05b2bc3d5e04" testListId="8c84fa94-04c1-424b-9868-57a2d4851a1d" />
    <TestEntry testId="6b9ff9fe-ce86-419c-762a-dc1195193241" executionId="b8965113-d86d-4480-954d-255684c481df" testListId="8c84fa94-04c1-424b-9868-57a2d4851a1d" />
    <TestEntry testId="96dc6a2c-6bb9-774c-8b34-f885620eb2cf" executionId="134d5452-023f-4cd9-adf2-b46becc0a56c" testListId="8c84fa94-04c1-424b-9868-57a2d4851a1d" />
    <TestEntry testId="c031f7ae-394d-9bd6-6923-933084bd5665" executionId="84ba873a-c362-49aa-8873-b9526a3feff7" testListId="8c84fa94-04c1-424b-9868-57a2d4851a1d" />
    <TestEntry testId="c38ee134-290e-942e-c9ab-6fca22313dae" executionId="18fa58b4-5268-4415-83c6-0238f511c39f" testListId="8c84fa94-04c1-424b-9868-57a2d4851a1d" />
    <TestEntry testId="ca19937a-44f7-05a7-d742-ece0c45945fc" executionId="7e4907cc-9cb7-45df-9b31-310c0455281b" testListId="8c84fa94-04c1-424b-9868-57a2d4851a1d" />
  </TestEntries>
  <Results>
    <UnitTestResult executionId="8895a9cf-4ee6-4eeb-a74f-1d46f4727fe9" testId="322d3e75-dd9a-1c05-6ec9-9ce92eb5dfc2" testName="Add_ThreeTextParams_ReturnsQuery" computerName="UDANE-PC" duration="00:00:00.0151358" startTime="2013-11-17T20:33:27.9444000+01:00" endTime="2013-11-17T20:33:28.1944000+01:00" testType="13cdc9d9-ddb5-4fa4-a97d-d965ccfc6d4b" outcome="Passed" testListId="8c84fa94-04c1-424b-9868-57a2d4851a1d" relativeResultsDirectory="8895a9cf-4ee6-4eeb-a74f-1d46f4727fe9">
    </UnitTestResult>
    <UnitTestResult executionId="8b5bb915-775c-47f6-a6dd-05b2bc3d5e04" testId="35bcce11-7d90-74e5-6c13-8ab28c4a3c39" testName="Add_OneNumberParam_ReturnsTypedQuery" computerName="UDANE-PC" duration="00:00:00.0002476" startTime="2013-11-17T20:33:28.2104000+01:00" endTime="2013-11-17T20:33:28.2174000+01:00" testType="13cdc9d9-ddb5-4fa4-a97d-d965ccfc6d4b" outcome="Passed" testListId="8c84fa94-04c1-424b-9868-57a2d4851a1d" relativeResultsDirectory="8b5bb915-775c-47f6-a6dd-05b2bc3d5e04">
    </UnitTestResult>
    <UnitTestResult executionId="b8965113-d86d-4480-954d-255684c481df" testId="6b9ff9fe-ce86-419c-762a-dc1195193241" testName="Add_AnotherTextParam_ReturnsQuery" computerName="UDANE-PC" duration="00:00:00.0003993" startTime="2013-11-17T20:33:28.2264000+01:00" endTime="2013-11-17T20:33:28.2354000+01:00" testType="13cdc9d9-ddb5-4fa4-a97d-d965ccfc6d4b" outcome="Passed" testListId="8c84fa94-04c1-424b-9868-57a2d4851a1d" relativeResultsDirectory="b8965113-d86d-4480-954d-255684c481df">
    </UnitTestResult>
    <UnitTestResult executionId="134d5452-023f-4cd9-adf2-b46becc0a56c" testId="96dc6a2c-6bb9-774c-8b34-f885620eb2cf" testName="Add_FourTextParams_ReturnsQuery" computerName="UDANE-PC" duration="00:00:00.0004381" startTime="2013-11-17T20:33:28.2454000+01:00" endTime="2013-11-17T20:33:28.2534000+01:00" testType="13cdc9d9-ddb5-4fa4-a97d-d965ccfc6d4b" outcome="Passed" testListId="8c84fa94-04c1-424b-9868-57a2d4851a1d" relativeResultsDirectory="134d5452-023f-4cd9-adf2-b46becc0a56c">
    </UnitTestResult>
    <UnitTestResult executionId="84ba873a-c362-49aa-8873-b9526a3feff7" testId="c031f7ae-394d-9bd6-6923-933084bd5665" testName="Add_TwoNumberParam_ReturnsTypedQuery" computerName="UDANE-PC" duration="00:00:00.0004845" startTime="2013-11-17T20:33:28.2644000+01:00" endTime="2013-11-17T20:33:28.2774000+01:00" testType="13cdc9d9-ddb5-4fa4-a97d-d965ccfc6d4b" outcome="Passed" testListId="8c84fa94-04c1-424b-9868-57a2d4851a1d" relativeResultsDirectory="84ba873a-c362-49aa-8873-b9526a3feff7">
    </UnitTestResult>
    <UnitTestResult executionId="18fa58b4-5268-4415-83c6-0238f511c39f" testId="c38ee134-290e-942e-c9ab-6fca22313dae" testName="Add_TwoTextParams_ReturnsQuery" computerName="UDANE-PC" duration="00:00:00.0009085" startTime="2013-11-17T20:33:28.2874000+01:00" endTime="2013-11-17T20:33:28.3074000+01:00" testType="13cdc9d9-ddb5-4fa4-a97d-d965ccfc6d4b" outcome="Passed" testListId="8c84fa94-04c1-424b-9868-57a2d4851a1d" relativeResultsDirectory="18fa58b4-5268-4415-83c6-0238f511c39f">
    </UnitTestResult>
    <UnitTestResult executionId="7e4907cc-9cb7-45df-9b31-310c0455281b" testId="ca19937a-44f7-05a7-d742-ece0c45945fc" testName="Add_OneTextParam_ReturnsQuery" computerName="UDANE-PC" duration="00:00:00.0008939" startTime="2013-11-17T20:33:28.3194000+01:00" endTime="2013-11-17T20:33:28.3354000+01:00" testType="13cdc9d9-ddb5-4fa4-a97d-d965ccfc6d4b" outcome="Passed" testListId="8c84fa94-04c1-424b-9868-57a2d4851a1d" relativeResultsDirectory="7e4907cc-9cb7-45df-9b31-310c0455281b">
    </UnitTestResult>
  </Results>
</TestRun>