<?xml version="1.0" encoding="UTF-8"?>
<TestRun id="97485c14-c79c-4694-b731-150955c4f3b5" name="Udane@UDANE-PC 2013-11-17 20:31:07" runUser="Udane-PC\Udane" xmlns="http://microsoft.com/schemas/VisualStudio/TeamTest/2010">
  <TestSettings name="Local" id="a4a3c703-e8d7-4505-bda8-f44b0827b01b">
    <Description>These are default test settings for a local test run.</Description>
    <Deployment enabled="false" runDeploymentRoot="Udane_UDANE-PC 2013-11-17 20_31_07">
      <DeploymentItem filename="D:\UDANE\Dropbox\SPQueryGenerator\SPQueryGenerator\bin\Debug\SPQueryGenerator.dll" />
    </Deployment>
    <Execution>
      <TestTypeSpecific />
      <AgentRule name="Execution Agents">
      </AgentRule>
    </Execution>
  </TestSettings>
  <Times creation="2013-11-17T20:31:07.2674000+01:00" queuing="2013-11-17T20:31:07.2824000+01:00" start="2013-11-17T20:31:07.3324000+01:00" finish="2013-11-17T20:31:08.3074000+01:00" />
  <ResultSummary outcome="Completed">
    <Counters total="7" executed="7" passed="7" error="0" failed="0" timeout="0" aborted="0" inconclusive="0" passedButRunAborted="0" notRunnable="0" notExecuted="0" disconnected="0" warning="0" completed="0" inProgress="0" pending="0" />
  </ResultSummary>
  <TestDefinitions>
    <UnitTest name="Add_OneTextParam_ReturnsQuery" storage="d:\udane\dropbox\spquerygenerator\spquerycalculatortests\bin\debug\spquerycalculatortests.dll" id="ca19937a-44f7-05a7-d742-ece0c45945fc">
      <Execution id="04dd55a2-cfdd-4a9a-bd0c-95f89883afa3" />
      <TestMethod codeBase="D:/UDANE/Dropbox/SPQueryGenerator/SPQueryCalculatorTests/bin/Debug/SPQueryCalculatorTests.DLL" adapterTypeName="Microsoft.VisualStudio.TestTools.TestTypes.Unit.UnitTestAdapter, Microsoft.VisualStudio.QualityTools.Tips.UnitTest.Adapter, Version=10.0.0.0, Culture=neutral, PublicKeyToken=b03f5f7f11d50a3a" className="SPQueryCalculatorTests.CalculatorTest, SPQueryCalculatorTests, Version=1.0.0.0, Culture=neutral, PublicKeyToken=null" name="Add_OneTextParam_ReturnsQuery" />
    </UnitTest>
    <UnitTest name="Add_AnotherTextParam_ReturnsQuery" storage="d:\udane\dropbox\spquerygenerator\spquerycalculatortests\bin\debug\spquerycalculatortests.dll" id="6b9ff9fe-ce86-419c-762a-dc1195193241">
      <Execution id="fdd5b0ff-3377-4df0-976a-3708617a3eac" />
      <TestMethod codeBase="D:/UDANE/Dropbox/SPQueryGenerator/SPQueryCalculatorTests/bin/Debug/SPQueryCalculatorTests.DLL" adapterTypeName="Microsoft.VisualStudio.TestTools.TestTypes.Unit.UnitTestAdapter, Microsoft.VisualStudio.QualityTools.Tips.UnitTest.Adapter, Version=10.0.0.0, Culture=neutral, PublicKeyToken=b03f5f7f11d50a3a" className="SPQueryCalculatorTests.CalculatorTest, SPQueryCalculatorTests, Version=1.0.0.0, Culture=neutral, PublicKeyToken=null" name="Add_AnotherTextParam_ReturnsQuery" />
    </UnitTest>
    <UnitTest name="Add_OneIntegerParam_ReturnsTypedQuery" storage="d:\udane\dropbox\spquerygenerator\spquerycalculatortests\bin\debug\spquerycalculatortests.dll" id="85871807-8726-aa35-9ba6-ff604a775700">
      <Execution id="e21c88e2-9859-4bf4-8220-4ce839d13fd3" />
      <TestMethod codeBase="D:/UDANE/Dropbox/SPQueryGenerator/SPQueryCalculatorTests/bin/Debug/SPQueryCalculatorTests.DLL" adapterTypeName="Microsoft.VisualStudio.TestTools.TestTypes.Unit.UnitTestAdapter, Microsoft.VisualStudio.QualityTools.Tips.UnitTest.Adapter, Version=10.0.0.0, Culture=neutral, PublicKeyToken=b03f5f7f11d50a3a" className="SPQueryCalculatorTests.CalculatorTest, SPQueryCalculatorTests, Version=1.0.0.0, Culture=neutral, PublicKeyToken=null" name="Add_OneIntegerParam_ReturnsTypedQuery" />
    </UnitTest>
    <UnitTest name="Add_TwoIntegerParam_ReturnsTypedQuery" storage="d:\udane\dropbox\spquerygenerator\spquerycalculatortests\bin\debug\spquerycalculatortests.dll" id="1555f5b8-91d7-55f5-fbe8-8de3c4a50e51">
      <Execution id="482db83e-a9ee-4c2e-b4ba-bf848cfeec36" />
      <TestMethod codeBase="D:/UDANE/Dropbox/SPQueryGenerator/SPQueryCalculatorTests/bin/Debug/SPQueryCalculatorTests.DLL" adapterTypeName="Microsoft.VisualStudio.TestTools.TestTypes.Unit.UnitTestAdapter, Microsoft.VisualStudio.QualityTools.Tips.UnitTest.Adapter, Version=10.0.0.0, Culture=neutral, PublicKeyToken=b03f5f7f11d50a3a" className="SPQueryCalculatorTests.CalculatorTest, SPQueryCalculatorTests, Version=1.0.0.0, Culture=neutral, PublicKeyToken=null" name="Add_TwoIntegerParam_ReturnsTypedQuery" />
    </UnitTest>
    <UnitTest name="Add_TwoTextParams_ReturnsQuery" storage="d:\udane\dropbox\spquerygenerator\spquerycalculatortests\bin\debug\spquerycalculatortests.dll" id="c38ee134-290e-942e-c9ab-6fca22313dae">
      <Execution id="a24b38ef-3119-42ad-9db6-b2ebda58461d" />
      <TestMethod codeBase="D:/UDANE/Dropbox/SPQueryGenerator/SPQueryCalculatorTests/bin/Debug/SPQueryCalculatorTests.DLL" adapterTypeName="Microsoft.VisualStudio.TestTools.TestTypes.Unit.UnitTestAdapter, Microsoft.VisualStudio.QualityTools.Tips.UnitTest.Adapter, Version=10.0.0.0, Culture=neutral, PublicKeyToken=b03f5f7f11d50a3a" className="SPQueryCalculatorTests.CalculatorTest, SPQueryCalculatorTests, Version=1.0.0.0, Culture=neutral, PublicKeyToken=null" name="Add_TwoTextParams_ReturnsQuery" />
    </UnitTest>
    <UnitTest name="Add_FourTextParams_ReturnsQuery" storage="d:\udane\dropbox\spquerygenerator\spquerycalculatortests\bin\debug\spquerycalculatortests.dll" id="96dc6a2c-6bb9-774c-8b34-f885620eb2cf">
      <Execution id="615f9df8-0134-4bde-a393-5f21bb557dbe" />
      <TestMethod codeBase="D:/UDANE/Dropbox/SPQueryGenerator/SPQueryCalculatorTests/bin/Debug/SPQueryCalculatorTests.DLL" adapterTypeName="Microsoft.VisualStudio.TestTools.TestTypes.Unit.UnitTestAdapter, Microsoft.VisualStudio.QualityTools.Tips.UnitTest.Adapter, Version=10.0.0.0, Culture=neutral, PublicKeyToken=b03f5f7f11d50a3a" className="SPQueryCalculatorTests.CalculatorTest, SPQueryCalculatorTests, Version=1.0.0.0, Culture=neutral, PublicKeyToken=null" name="Add_FourTextParams_ReturnsQuery" />
    </UnitTest>
    <UnitTest name="Add_ThreeTextParams_ReturnsQuery" storage="d:\udane\dropbox\spquerygenerator\spquerycalculatortests\bin\debug\spquerycalculatortests.dll" id="322d3e75-dd9a-1c05-6ec9-9ce92eb5dfc2">
      <Execution id="79061437-278b-472f-95fd-fe6dc151d04f" />
      <TestMethod codeBase="D:/UDANE/Dropbox/SPQueryGenerator/SPQueryCalculatorTests/bin/Debug/SPQueryCalculatorTests.DLL" adapterTypeName="Microsoft.VisualStudio.TestTools.TestTypes.Unit.UnitTestAdapter, Microsoft.VisualStudio.QualityTools.Tips.UnitTest.Adapter, Version=10.0.0.0, Culture=neutral, PublicKeyToken=b03f5f7f11d50a3a" className="SPQueryCalculatorTests.CalculatorTest, SPQueryCalculatorTests, Version=1.0.0.0, Culture=neutral, PublicKeyToken=null" name="Add_ThreeTextParams_ReturnsQuery" />
    </UnitTest>
  </TestDefinitions>
  <TestLists>
    <TestList name="Results Not in a List" id="8c84fa94-04c1-424b-9868-57a2d4851a1d" />
    <TestList name="All Loaded Results" id="19431567-8539-422a-85d7-44ee4e166bda" />
  </TestLists>
  <TestEntries>
    <TestEntry testId="1555f5b8-91d7-55f5-fbe8-8de3c4a50e51" executionId="482db83e-a9ee-4c2e-b4ba-bf848cfeec36" testListId="8c84fa94-04c1-424b-9868-57a2d4851a1d" />
    <TestEntry testId="322d3e75-dd9a-1c05-6ec9-9ce92eb5dfc2" executionId="79061437-278b-472f-95fd-fe6dc151d04f" testListId="8c84fa94-04c1-424b-9868-57a2d4851a1d" />
    <TestEntry testId="6b9ff9fe-ce86-419c-762a-dc1195193241" executionId="fdd5b0ff-3377-4df0-976a-3708617a3eac" testListId="8c84fa94-04c1-424b-9868-57a2d4851a1d" />
    <TestEntry testId="85871807-8726-aa35-9ba6-ff604a775700" executionId="e21c88e2-9859-4bf4-8220-4ce839d13fd3" testListId="8c84fa94-04c1-424b-9868-57a2d4851a1d" />
    <TestEntry testId="96dc6a2c-6bb9-774c-8b34-f885620eb2cf" executionId="615f9df8-0134-4bde-a393-5f21bb557dbe" testListId="8c84fa94-04c1-424b-9868-57a2d4851a1d" />
    <TestEntry testId="c38ee134-290e-942e-c9ab-6fca22313dae" executionId="a24b38ef-3119-42ad-9db6-b2ebda58461d" testListId="8c84fa94-04c1-424b-9868-57a2d4851a1d" />
    <TestEntry testId="ca19937a-44f7-05a7-d742-ece0c45945fc" executionId="04dd55a2-cfdd-4a9a-bd0c-95f89883afa3" testListId="8c84fa94-04c1-424b-9868-57a2d4851a1d" />
  </TestEntries>
  <Results>
    <UnitTestResult executionId="482db83e-a9ee-4c2e-b4ba-bf848cfeec36" testId="1555f5b8-91d7-55f5-fbe8-8de3c4a50e51" testName="Add_TwoIntegerParam_ReturnsTypedQuery" computerName="UDANE-PC" duration="00:00:00.0160243" startTime="2013-11-17T20:31:07.4184000+01:00" endTime="2013-11-17T20:31:08.0674000+01:00" testType="13cdc9d9-ddb5-4fa4-a97d-d965ccfc6d4b" outcome="Passed" testListId="8c84fa94-04c1-424b-9868-57a2d4851a1d" relativeResultsDirectory="482db83e-a9ee-4c2e-b4ba-bf848cfeec36">
    </UnitTestResult>
    <UnitTestResult executionId="79061437-278b-472f-95fd-fe6dc151d04f" testId="322d3e75-dd9a-1c05-6ec9-9ce92eb5dfc2" testName="Add_ThreeTextParams_ReturnsQuery" computerName="UDANE-PC" duration="00:00:00.0003352" startTime="2013-11-17T20:31:08.0714000+01:00" endTime="2013-11-17T20:31:08.0784000+01:00" testType="13cdc9d9-ddb5-4fa4-a97d-d965ccfc6d4b" outcome="Passed" testListId="8c84fa94-04c1-424b-9868-57a2d4851a1d" relativeResultsDirectory="79061437-278b-472f-95fd-fe6dc151d04f">
    </UnitTestResult>
    <UnitTestResult executionId="fdd5b0ff-3377-4df0-976a-3708617a3eac" testId="6b9ff9fe-ce86-419c-762a-dc1195193241" testName="Add_AnotherTextParam_ReturnsQuery" computerName="UDANE-PC" duration="00:00:00.0002296" startTime="2013-11-17T20:31:08.0834000+01:00" endTime="2013-11-17T20:31:08.0934000+01:00" testType="13cdc9d9-ddb5-4fa4-a97d-d965ccfc6d4b" outcome="Passed" testListId="8c84fa94-04c1-424b-9868-57a2d4851a1d" relativeResultsDirectory="fdd5b0ff-3377-4df0-976a-3708617a3eac">
    </UnitTestResult>
    <UnitTestResult executionId="e21c88e2-9859-4bf4-8220-4ce839d13fd3" testId="85871807-8726-aa35-9ba6-ff604a775700" testName="Add_OneIntegerParam_ReturnsTypedQuery" computerName="UDANE-PC" duration="00:00:00.0002315" startTime="2013-11-17T20:31:08.0964000+01:00" endTime="2013-11-17T20:31:08.1044000+01:00" testType="13cdc9d9-ddb5-4fa4-a97d-d965ccfc6d4b" outcome="Passed" testListId="8c84fa94-04c1-424b-9868-57a2d4851a1d" relativeResultsDirectory="e21c88e2-9859-4bf4-8220-4ce839d13fd3">
    </UnitTestResult>
    <UnitTestResult executionId="615f9df8-0134-4bde-a393-5f21bb557dbe" testId="96dc6a2c-6bb9-774c-8b34-f885620eb2cf" testName="Add_FourTextParams_ReturnsQuery" computerName="UDANE-PC" duration="00:00:00.0002614" startTime="2013-11-17T20:31:08.1084000+01:00" endTime="2013-11-17T20:31:08.1144000+01:00" testType="13cdc9d9-ddb5-4fa4-a97d-d965ccfc6d4b" outcome="Passed" testListId="8c84fa94-04c1-424b-9868-57a2d4851a1d" relativeResultsDirectory="615f9df8-0134-4bde-a393-5f21bb557dbe">
    </UnitTestResult>
    <UnitTestResult executionId="a24b38ef-3119-42ad-9db6-b2ebda58461d" testId="c38ee134-290e-942e-c9ab-6fca22313dae" testName="Add_TwoTextParams_ReturnsQuery" computerName="UDANE-PC" duration="00:00:00.0002507" startTime="2013-11-17T20:31:08.1184000+01:00" endTime="2013-11-17T20:31:08.1264000+01:00" testType="13cdc9d9-ddb5-4fa4-a97d-d965ccfc6d4b" outcome="Passed" testListId="8c84fa94-04c1-424b-9868-57a2d4851a1d" relativeResultsDirectory="a24b38ef-3119-42ad-9db6-b2ebda58461d">
    </UnitTestResult>
    <UnitTestResult executionId="04dd55a2-cfdd-4a9a-bd0c-95f89883afa3" testId="ca19937a-44f7-05a7-d742-ece0c45945fc" testName="Add_OneTextParam_ReturnsQuery" computerName="UDANE-PC" duration="00:00:00.0002277" startTime="2013-11-17T20:31:08.1304000+01:00" endTime="2013-11-17T20:31:08.1424000+01:00" testType="13cdc9d9-ddb5-4fa4-a97d-d965ccfc6d4b" outcome="Passed" testListId="8c84fa94-04c1-424b-9868-57a2d4851a1d" relativeResultsDirectory="04dd55a2-cfdd-4a9a-bd0c-95f89883afa3">
    </UnitTestResult>
  </Results>
</TestRun>